    ITER        TIME      CPUDT          DT      CFL     DNUM         DIV              MOM              TKE             MASS
       0   0.000E+00     0.0000   1.000E+01   0.0000   0.0000   0.000E+00   0.00000000E+00   0.00000000E+00   2.93000000E+02
      10   1.000E+02     0.0124   1.000E+01   0.0000   0.0003   1.503E-16  -9.33498071E-17   4.79818216E-31   2.92998924E+02
      20   2.000E+02     0.0041   1.000E+01   0.0000   0.0005   1.309E-16  -3.77410776E-16   3.49822751E-31   2.92997848E+02
      30   3.000E+02     0.0037   1.000E+01   0.0000   0.0006   1.259E-16   4.16333634E-17   3.69145600E-31   2.92996771E+02
      40   4.000E+02     0.0037   1.000E+01   0.0000   0.0007   1.634E-16   2.90313202E-16   6.34502782E-31   2.92995695E+02
      50   5.000E+02     0.0037   1.000E+01   0.0000   0.0008   1.191E-16  -1.63569968E-16   3.51682540E-31   2.92994619E+02
      60   6.000E+02     0.0037   1.000E+01   0.0000   0.0008   2.247E-16   8.38088279E-17   6.56986133E-31   2.92993543E+02
      70   7.000E+02     0.0045   1.000E+01   0.0000   0.0009   2.065E-16  -1.32561786E-16   7.18570523E-31   2.92992466E+02
      80   8.000E+02     0.0057   1.000E+01   0.0000   0.0010   2.216E-16   1.23960448E-17   8.81044468E-31   2.92991390E+02
      90   9.000E+02     0.0051   1.000E+01   0.0000   0.0010   1.711E-16   2.62557626E-16   6.85317909E-31   2.92990314E+02
     100   1.000E+03     0.0039   1.000E+01   0.0000   0.0011   1.916E-16  -3.07949557E-16   5.96274577E-31   2.92989238E+02
     110   1.100E+03     0.0037   1.000E+01   0.0000   0.0011   2.037E-16  -1.91723084E-16   5.83554830E-31   2.92988162E+02
     120   1.200E+03     0.0049   1.000E+01   0.0000   0.0012   1.751E-16  -1.91903785E-16   7.89285128E-31   2.92987086E+02
     130   1.300E+03     0.0055   1.000E+01   0.0000   0.0012   2.111E-16  -1.58112817E-16   7.68619143E-31   2.92986010E+02
     140   1.400E+03     0.0044   1.000E+01   0.0000   0.0012   2.047E-16   3.81458464E-16   8.86357995E-31   2.92984934E+02
     150   1.500E+03     0.0040   1.000E+01   0.0000   0.0013   2.104E-16   7.04008611E-17   6.18362064E-31   2.92983858E+02
     160   1.600E+03     0.0037   1.000E+01   0.0000   0.0013   1.171E-16   6.50521303E-18   3.11533337E-31   2.92982782E+02
     170   1.700E+03     0.0037   1.000E+01   0.0000   0.0014   1.399E-16   2.90168641E-16   4.97091066E-31   2.92981706E+02
     180   1.800E+03     0.0037   1.000E+01   0.0000   0.0014   1.791E-16   9.63132930E-17   6.56875919E-31   2.92980631E+02
     190   1.900E+03     0.0060   1.000E+01   0.0000   0.0014   1.811E-16   3.61653705E-16   8.12372025E-31   2.92979555E+02
     200   2.000E+03     0.0037   1.000E+01   0.0000   0.0015   1.961E-16  -1.23960448E-16   4.99200038E-31   2.92978480E+02
     210   2.100E+03     0.0037   1.000E+01   0.0000   0.0015   1.632E-16  -3.04696951E-16   6.32630768E-31   2.92977404E+02
     220   2.200E+03     0.0037   1.000E+01   0.0000   0.0015   1.522E-16   5.54388711E-17   4.22549113E-31   2.92976329E+02
     230   2.300E+03     0.0037   1.000E+01   0.0000   0.0016   1.812E-16  -1.04444809E-17   5.54431868E-31   2.92975254E+02
     240   2.400E+03     0.0037   1.000E+01   0.0000   0.0016   2.122E-16   1.00433261E-16   5.85969514E-31   2.92974179E+02
     250   2.500E+03     0.0037   1.000E+01   0.0000   0.0016   2.311E-16   5.95226993E-17   6.98512284E-31   2.92973104E+02
     260   2.600E+03     0.0037   1.000E+01   0.0000   0.0017   1.566E-16   3.14418630E-17   5.44887544E-31   2.92972029E+02
     270   2.700E+03     0.0038   1.000E+01   0.0000   0.0017   1.648E-16   2.70653002E-16   7.56230917E-31   2.92970954E+02
     280   2.800E+03     0.0049   1.000E+01   0.0000   0.0017   1.523E-16   3.06034133E-16   6.11750833E-31   2.92969879E+02
     290   2.900E+03     0.0042   1.000E+01   0.0000   0.0018   1.995E-16   4.81964006E-16   7.05362396E-31   2.92968805E+02
     300   3.000E+03     0.0042   1.000E+01   0.0000   0.0018   2.022E-16  -9.08561421E-17   6.86925546E-31   2.92967731E+02
     310   3.100E+03     0.0037   1.000E+01   0.0000   0.0018   1.352E-16   7.44485492E-18   5.76344901E-31   2.92966656E+02
     320   3.200E+03     0.0037   1.000E+01   0.0000   0.0018   1.825E-16  -1.25369911E-16   4.10837574E-31   2.92965582E+02
     330   3.300E+03     0.0037   1.000E+01   0.0000   0.0019   2.218E-16   2.42283045E-16   9.17861432E-31   2.92964508E+02
     340   3.400E+03     0.0037   1.000E+01   0.0000   0.0019   1.939E-16   2.50631402E-16   6.67318488E-31   2.92963434E+02
     350   3.500E+03     0.0037   1.000E+01   0.0000   0.0019   1.314E-16   3.49835901E-17   4.37786989E-31   2.92962360E+02
     360   3.600E+03     0.0046   1.000E+01   0.0000   0.0019   2.196E-16  -3.02492406E-17   6.26979451E-31   2.92961287E+02
     370   3.700E+03     0.0061   1.000E+01   0.0000   0.0020   1.676E-16   2.22695126E-16   4.99411857E-31   2.92960213E+02
     380   3.800E+03     0.0037   1.000E+01   0.0000   0.0020   1.255E-16   4.81530325E-16   8.34969373E-31   2.92959140E+02
     390   3.900E+03     0.0050   1.000E+01   0.0000   0.0020   2.039E-16   5.58074998E-16   9.15333189E-31   2.92958066E+02
     400   4.000E+03     0.0037   1.000E+01   0.0000   0.0020   1.738E-16   3.35090751E-16   8.54109180E-31   2.92956993E+02
     410   4.100E+03     0.0037   1.000E+01   0.0000   0.0020   1.669E-16   9.67831139E-17   5.19746886E-31   2.92955920E+02
     420   4.200E+03     0.0037   1.000E+01   0.0000   0.0021   1.958E-16   1.56847914E-16   5.86056094E-31   2.92954847E+02
     430   4.300E+03     0.0042   1.000E+01   0.0000   0.0021   1.204E-16  -2.50956663E-16   6.75744912E-31   2.92953774E+02
     440   4.400E+03     0.0044   1.000E+01   0.0000   0.0021   1.473E-16  -2.92734587E-18   4.75875033E-31   2.92952702E+02
     450   4.500E+03     0.0044   1.000E+01   0.0000   0.0021   1.628E-16   2.94975271E-16   5.92831747E-31   2.92951629E+02
     460   4.600E+03     0.0046   1.000E+01   0.0000   0.0021   2.286E-16   1.30104261E-16   8.22250295E-31   2.92950557E+02
     470   4.700E+03     0.0056   1.000E+01   0.0000   0.0022   2.155E-16   3.19478240E-16   6.48004959E-31   2.92949484E+02
     480   4.800E+03     0.0044   1.000E+01   0.0000   0.0022   1.374E-16   1.81640004E-16   5.04356749E-31   2.92948412E+02
     490   4.900E+03     0.0047   1.000E+01   0.0000   0.0022   1.536E-16   2.65990933E-17   5.45752248E-31   2.92947340E+02
     500   5.000E+03     0.0044   1.000E+01   0.0000   0.0022   1.289E-16  -3.16731595E-16   4.65568445E-31   2.92946268E+02
     510   5.100E+03     0.0048   1.000E+01   0.0000   0.0022   2.055E-16   6.85324193E-16   9.14510050E-31   2.92945196E+02
     520   5.200E+03     0.0042   1.000E+01   0.0000   0.0023   1.898E-16   4.33897709E-16   7.08202600E-31   2.92944124E+02
     530   5.300E+03     0.0060   1.000E+01   0.0000   0.0023   1.657E-16  -7.60387124E-17   6.15099769E-31   2.92943053E+02
     540   5.400E+03     0.0043   1.000E+01   0.0000   0.0023   2.143E-16   1.97975317E-16   7.49853719E-31   2.92941981E+02
     550   5.500E+03     0.0064   1.000E+01   0.0000   0.0023   1.787E-16   8.67000337E-17   6.47034283E-31   2.92940910E+02
     560   5.600E+03     0.0037   1.000E+01   0.0000   0.0023   1.747E-16   1.28514098E-16   7.01381849E-31   2.92939839E+02
     570   5.700E+03     0.0037   1.000E+01   0.0000   0.0023   1.300E-16  -2.76363134E-16   4.18821825E-31   2.92938767E+02
     580   5.800E+03     0.0037   1.000E+01   0.0000   0.0023   1.322E-16  -3.49329940E-16   6.21420690E-31   2.92937696E+02
     590   5.900E+03     0.0037   1.000E+01   0.0000   0.0024   1.321E-16   1.89663100E-16   5.49299085E-31   2.92936626E+02
     600   6.000E+03     0.0037   1.000E+01   0.0000   0.0024   2.153E-16   2.21936185E-16   6.64876010E-31   2.92935555E+02
     610   6.100E+03     0.0037   1.000E+01   0.0000   0.0024   2.207E-16  -2.89120579E-17   8.18480228E-31   2.92934484E+02
     620   6.200E+03     0.0037   1.000E+01   0.0000   0.0024   1.525E-16   1.66352753E-16   6.29172955E-31   2.92933414E+02
     630   6.300E+03     0.0039   1.000E+01   0.0000   0.0024   1.595E-16  -2.10335221E-17   4.18120770E-31   2.92932343E+02
     640   6.400E+03     0.0047   1.000E+01   0.0000   0.0024   1.748E-16  -1.31043903E-16   5.51724344E-31   2.92931273E+02
     650   6.500E+03     0.0038   1.000E+01   0.0000   0.0025   2.128E-16  -3.97902197E-17   8.32594833E-31   2.92930203E+02
     660   6.600E+03     0.0037   1.000E+01   0.0000   0.0025   1.304E-16  -1.75640752E-17   5.50304222E-31   2.92929133E+02
     670   6.700E+03     0.0037   1.000E+01   0.0000   0.0025   1.580E-16  -3.52004305E-17   5.80144099E-31   2.92928063E+02
     680   6.800E+03     0.0037   1.000E+01   0.0000   0.0025   1.854E-16   1.00541681E-16   7.33374270E-31   2.92926993E+02
     690   6.900E+03     0.0043   1.000E+01   0.0000   0.0025   2.127E-16  -3.48028897E-17   6.10169735E-31   2.92925923E+02
     700   7.000E+03     0.0037   1.000E+01   0.0000   0.0025   1.820E-16  -2.29272619E-16   5.68408130E-31   2.92924853E+02
     710   7.100E+03     0.0037   1.000E+01   0.0000   0.0025   1.573E-16  -1.47270795E-16   3.59503600E-31   2.92923784E+02
     720   7.200E+03     0.0047   1.000E+01   0.0000   0.0025   1.938E-16   4.33319468E-17   6.71979632E-31   2.92922714E+02
     730   7.300E+03     0.0061   1.000E+01   0.0000   0.0026   1.556E-16  -4.03106368E-16   7.30436266E-31   2.92921645E+02
     740   7.400E+03     0.0037   1.000E+01   0.0000   0.0026   2.123E-16   3.80735663E-16   5.54563649E-31   2.92920576E+02
     750   7.500E+03     0.0044   1.000E+01   0.0000   0.0026   2.046E-16   2.19261819E-16   6.09627106E-31   2.92919507E+02
     760   7.600E+03     0.0037   1.000E+01   0.0000   0.0026   1.807E-16   4.48136898E-17   7.16469219E-31   2.92918438E+02
     770   7.700E+03     0.0037   1.000E+01   0.0000   0.0026   1.793E-16  -3.89987521E-16   6.05736042E-31   2.92917369E+02
     780   7.800E+03     0.0047   1.000E+01   0.0000   0.0026   1.298E-16  -5.51786626E-16   6.83954649E-31   2.92916300E+02
     790   7.900E+03     0.0054   1.000E+01   0.0000   0.0026   1.978E-16  -3.23236808E-16   8.77698311E-31   2.92915231E+02
     800   8.000E+03     0.0058   1.000E+01   0.0000   0.0026   1.914E-16   4.83554169E-16   6.35142105E-31   2.92914163E+02
     810   8.100E+03     0.0060   1.000E+01   0.0000   0.0027   1.685E-16   3.21357524E-16   7.11831607E-31   2.92913094E+02
     820   8.200E+03     0.0038   1.000E+01   0.0000   0.0027   1.702E-16   1.38669458E-16   6.76322253E-31   2.92912026E+02
     830   8.300E+03     0.0037   1.000E+01   0.0000   0.0027   1.948E-16   4.46835855E-16   8.16832614E-31   2.92910958E+02
     840   8.400E+03     0.0042   1.000E+01   0.0000   0.0027   1.652E-16   5.65592133E-17   8.29738538E-31   2.92909890E+02
     850   8.500E+03     0.0037   1.000E+01   0.0000   0.0027   1.342E-16  -4.13695409E-16   5.14073438E-31   2.92908822E+02
     860   8.600E+03     0.0037   1.000E+01   0.0000   0.0027   1.734E-16  -1.77628456E-16   5.43911434E-31   2.92907754E+02
     870   8.700E+03     0.0037   1.000E+01   0.0000   0.0027   1.813E-16   3.41306844E-16   7.33261339E-31   2.92906686E+02
     880   8.800E+03     0.0037   1.000E+01   0.0000   0.0027   2.362E-16  -1.66641874E-16   8.57521541E-31   2.92905618E+02
     890   8.900E+03     0.0037   1.000E+01   0.0000   0.0027   1.381E-16  -4.34259110E-16   5.60503626E-31   2.92904551E+02
     900   9.000E+03     0.0037   1.000E+01   0.0000   0.0027   1.935E-16   1.69388519E-16   4.49403611E-31   2.92903483E+02
     910   9.100E+03     0.0060   1.000E+01   0.0000   0.0028   1.210E-16   1.65629952E-16   4.72025472E-31   2.92902416E+02
     920   9.200E+03     0.0037   1.000E+01   0.0000   0.0028   1.827E-16   9.29161262E-17   6.33887345E-31   2.92901348E+02
     930   9.300E+03     0.0037   1.000E+01   0.0000   0.0028   1.897E-16  -2.26706674E-16   7.50516614E-31   2.92900281E+02
     940   9.400E+03     0.0037   1.000E+01   0.0000   0.0028   1.144E-16   1.74881810E-16   3.69793240E-31   2.92899214E+02
     950   9.500E+03     0.0037   1.000E+01   0.0000   0.0028   1.007E-16   1.60461922E-17   3.80163943E-31   2.92898147E+02
     960   9.600E+03     0.0037   1.000E+01   0.0000   0.0028   2.046E-16  -2.27212635E-16   6.91836688E-31   2.92897080E+02
     970   9.700E+03     0.0037   1.000E+01   0.0000   0.0028   1.563E-16  -1.58293517E-16   4.46966545E-31   2.92896013E+02
     980   9.800E+03     0.0037   1.000E+01   0.0000   0.0028   9.839E-17   1.01228343E-16   3.91752562E-31   2.92894947E+02
     990   9.900E+03     0.0039   1.000E+01   0.0000   0.0028   1.896E-16   3.15466692E-16   7.49414805E-31   2.92893880E+02
    1000   1.000E+04     0.0047   1.000E+01   0.0000   0.0028   1.426E-16  -1.00722382E-16   5.56590264E-31   2.92892813E+02
    1010   1.010E+04     0.0037   1.000E+01   0.0000   0.0028   1.571E-16  -2.53956289E-16   5.20389385E-31   2.92891747E+02
    1020   1.020E+04     0.0037   1.000E+01   0.0000   0.0029   1.904E-16   2.09576280E-16   5.99318533E-31   2.92890681E+02
    1030   1.030E+04     0.0037   1.000E+01   0.0000   0.0029   1.325E-16   2.30718222E-16   6.51042646E-31   2.92889615E+02
    1040   1.040E+04     0.0037   1.000E+01   0.0000   0.0029   2.172E-16  -6.11128625E-17   6.22108787E-31   2.92888548E+02
    1050   1.050E+04     0.0044   1.000E+01   0.0000   0.0029   1.203E-16   4.77085096E-16   5.98064212E-31   2.92887482E+02
    1060   1.060E+04     0.0038   1.000E+01   0.0000   0.0029   2.323E-16   2.62376926E-17   6.49104261E-31   2.92886417E+02
    1070   1.070E+04     0.0037   1.000E+01   0.0000   0.0029   1.948E-16   5.86734076E-16   8.57326106E-31   2.92885351E+02
    1080   1.080E+04     0.0048   1.000E+01   0.0000   0.0029   1.115E-16   7.77372958E-17   4.71212051E-31   2.92884285E+02
    1090   1.090E+04     0.0061   1.000E+01   0.0000   0.0029   1.915E-16   2.19406380E-16   8.59641735E-31   2.92883219E+02
    1100   1.100E+04     0.0037   1.000E+01   0.0000   0.0029   2.108E-16  -2.50522982E-16   8.34365932E-31   2.92882154E+02
    1110   1.110E+04     0.0045   1.000E+01   0.0000   0.0029   2.016E-16   2.04046849E-16   4.22202379E-31   2.92881088E+02
    1120   1.120E+04     0.0037   1.000E+01   0.0000   0.0029   1.398E-16   1.00252561E-16   5.57174291E-31   2.92880023E+02
    1130   1.130E+04     0.0037   1.000E+01   0.0000   0.0029   1.844E-16  -7.17741838E-17   8.24668783E-31   2.92878958E+02
    1140   1.140E+04     0.0043   1.000E+01   0.0000   0.0029   1.351E-16   4.62918188E-16   5.85239099E-31   2.92877893E+02
    1150   1.150E+04     0.0037   1.000E+01   0.0000   0.0030   1.364E-16   5.07262056E-16   6.99215219E-31   2.92876828E+02
    1160   1.160E+04     0.0037   1.000E+01   0.0000   0.0030   1.482E-16   2.87783397E-16   4.92475939E-31   2.92875763E+02
    1170   1.170E+04     0.0040   1.000E+01   0.0000   0.0030   1.442E-16  -3.17056855E-16   5.43581711E-31   2.92874698E+02
    1180   1.180E+04     0.0051   1.000E+01   0.0000   0.0030   1.659E-16  -1.29851280E-16   5.84342129E-31   2.92873633E+02
    1190   1.190E+04     0.0041   1.000E+01   0.0000   0.0030   1.401E-16  -1.04372529E-16   6.21504406E-31   2.92872569E+02
    1200   1.200E+04     0.0038   1.000E+01   0.0000   0.0030   1.863E-16   1.20527142E-16   8.42859521E-31   2.92871504E+02
    1210   1.210E+04     0.0048   1.000E+01   0.0000   0.0030   2.263E-16  -1.09106879E-16   7.88283899E-31   2.92870440E+02
    1220   1.220E+04     0.0039   1.000E+01   0.0000   0.0030   1.380E-16   2.96312454E-16   6.26635266E-31   2.92869375E+02
    1230   1.230E+04     0.0037   1.000E+01   0.0000   0.0030   1.629E-16   2.61762545E-16   6.17892639E-31   2.92868311E+02
    1240   1.240E+04     0.0037   1.000E+01   0.0000   0.0030   1.132E-16   4.87890978E-16   6.54166389E-31   2.92867247E+02
    1250   1.250E+04     0.0038   1.000E+01   0.0000   0.0030   1.756E-16  -1.49981301E-16   7.31571511E-31   2.92866183E+02
    1260   1.260E+04     0.0037   1.000E+01   0.0000   0.0030   2.138E-16   7.08706820E-17   7.12083319E-31   2.92865119E+02
    1270   1.270E+04     0.0061   1.000E+01   0.0000   0.0030   1.659E-16  -2.47306516E-16   5.74733419E-31   2.92864055E+02
    1280   1.280E+04     0.0037   1.000E+01   0.0000   0.0030   1.935E-16  -2.96709995E-17   7.17057050E-31   2.92862991E+02
    1290   1.290E+04     0.0037   1.000E+01   0.0000   0.0030   1.527E-16   8.07369218E-17   4.64028328E-31   2.92861928E+02
    1300   1.300E+04     0.0037   1.000E+01   0.0000   0.0030   1.543E-16   2.00577402E-17   7.79141458E-31   2.92860864E+02
    1310   1.310E+04     0.0037   1.000E+01   0.0000   0.0031   1.277E-16  -9.38919081E-17   4.11322965E-31   2.92859801E+02
    1320   1.320E+04     0.0037   1.000E+01   0.0000   0.0031   1.982E-16  -1.17527515E-16   7.11881510E-31   2.92858738E+02
    1330   1.330E+04     0.0037   1.000E+01   0.0000   0.0031   1.348E-16   2.65629532E-17   6.25629252E-31   2.92857674E+02
    1340   1.340E+04     0.0037   1.000E+01   0.0000   0.0031   2.275E-16   1.71629204E-16   9.06788358E-31   2.92856611E+02
    1350   1.350E+04     0.0039   1.000E+01   0.0000   0.0031   1.537E-16   1.22334145E-16   6.78205426E-31   2.92855548E+02
    1360   1.360E+04     0.0048   1.000E+01   0.0000   0.0031   1.646E-16   5.00901404E-17   5.69502040E-31   2.92854485E+02
    1370   1.370E+04     0.0038   1.000E+01   0.0000   0.0031   1.633E-16  -2.21538644E-17   7.08294403E-31   2.92853422E+02
    1380   1.380E+04     0.0042   1.000E+01   0.0000   0.0031   1.604E-16   1.98987239E-16   8.38082960E-31   2.92852360E+02
    1390   1.390E+04     0.0037   1.000E+01   0.0000   0.0031   1.450E-16   2.35163451E-16   7.09628386E-31   2.92851297E+02
    1400   1.400E+04     0.0037   1.000E+01   0.0000   0.0031   2.051E-16  -3.82000565E-17   8.16185015E-31   2.92850234E+02
    1410   1.410E+04     0.0037   1.000E+01   0.0000   0.0031   1.651E-16   3.47306096E-17   5.48277878E-31   2.92849172E+02
    1420   1.420E+04     0.0037   1.000E+01   0.0000   0.0031   1.375E-16   8.40256684E-17   4.12202151E-31   2.92848110E+02
    1430   1.430E+04     0.0037   1.000E+01   0.0000   0.0031   2.043E-16   4.03070228E-16   9.45885739E-31   2.92847047E+02
    1440   1.440E+04     0.0047   1.000E+01   0.0000   0.0031   1.679E-16  -4.79036660E-16   6.59214118E-31   2.92845985E+02
    1450   1.450E+04     0.0061   1.000E+01   0.0000   0.0031   1.156E-16  -5.60893924E-17   5.76768497E-31   2.92844923E+02
    1460   1.460E+04     0.0037   1.000E+01   0.0000   0.0031   1.908E-16   1.51860584E-16   7.36109191E-31   2.92843861E+02
    1470   1.470E+04     0.0038   1.000E+01   0.0000   0.0031   2.356E-16  -1.08745478E-16   8.29449064E-31   2.92842799E+02
    1480   1.480E+04     0.0037   1.000E+01   0.0000   0.0031   1.034E-16   1.71593064E-16   6.15160916E-31   2.92841738E+02
    1490   1.490E+04     0.0037   1.000E+01   0.0000   0.0032   1.801E-16  -1.54968631E-16   6.45973454E-31   2.92840676E+02
    1500   1.500E+04     0.0037   1.000E+01   0.0000   0.0032   1.214E-16   2.39717100E-16   6.95119086E-31   2.92839614E+02
    1510   1.510E+04     0.0037   1.000E+01   0.0000   0.0032   1.321E-16   3.18863859E-16   3.93883790E-31   2.92838553E+02
    1520   1.520E+04     0.0037   1.000E+01   0.0000   0.0032   1.729E-16  -3.71881345E-17   8.44761920E-31   2.92837492E+02
    1530   1.530E+04     0.0039   1.000E+01   0.0000   0.0032   2.096E-16  -1.53992849E-16   9.13987399E-31   2.92836430E+02
    1540   1.540E+04     0.0046   1.000E+01   0.0000   0.0032   1.583E-16   1.08781618E-16   5.86419295E-31   2.92835369E+02
    1550   1.550E+04     0.0037   1.000E+01   0.0000   0.0032   1.207E-16  -1.86735754E-16   3.81160783E-31   2.92834308E+02
    1560   1.560E+04     0.0037   1.000E+01   0.0000   0.0032   1.856E-16  -1.25333771E-16   8.04537423E-31   2.92833247E+02
    1570   1.570E+04     0.0037   1.000E+01   0.0000   0.0032   1.695E-16   3.88216658E-16   8.19109165E-31   2.92832187E+02
    1580   1.580E+04     0.0040   1.000E+01   0.0000   0.0032   1.183E-16   2.75965593E-16   5.84994993E-31   2.92831126E+02
    1590   1.590E+04     0.0041   1.000E+01   0.0000   0.0032   1.496E-16   1.42572586E-16   4.86488253E-31   2.92830065E+02
    1600   1.600E+04     0.0037   1.000E+01   0.0000   0.0032   1.620E-16   1.46439573E-16   8.69453174E-31   2.92829005E+02
    1610   1.610E+04     0.0037   1.000E+01   0.0000   0.0032   1.910E-16  -5.72097346E-17   7.58758783E-31   2.92827944E+02
    1620   1.620E+04     0.0037   1.000E+01   0.0000   0.0032   1.830E-16  -1.31260743E-16   7.89408592E-31   2.92826884E+02
    1630   1.630E+04     0.0061   1.000E+01   0.0000   0.0032   1.798E-16   7.37980279E-17   6.04049579E-31   2.92825824E+02
    1640   1.640E+04     0.0042   1.000E+01   0.0000   0.0032   2.248E-16   3.44631731E-16   7.18615912E-31   2.92824764E+02
    1650   1.650E+04     0.0037   1.000E+01   0.0000   0.0032   2.127E-16  -1.95047971E-16   7.93079958E-31   2.92823704E+02
    1660   1.660E+04     0.0037   1.000E+01   0.0000   0.0032   1.603E-16   3.60063541E-16   6.29724528E-31   2.92822644E+02
    1670   1.670E+04     0.0038   1.000E+01   0.0000   0.0032   2.118E-16   2.92120205E-16   8.82175408E-31   2.92821584E+02
    1680   1.680E+04     0.0037   1.000E+01   0.0000   0.0032   2.329E-16  -3.45029271E-16   1.05260746E-30   2.92820524E+02
    1690   1.690E+04     0.0037   1.000E+01   0.0000   0.0032   1.995E-16   3.70977843E-16   8.47659634E-31   2.92819465E+02
    1700   1.700E+04     0.0037   1.000E+01   0.0000   0.0032   1.271E-16  -9.25185854E-18   5.81230444E-31   2.92818405E+02
    1710   1.710E+04     0.0039   1.000E+01   0.0000   0.0032   1.336E-16   2.57425736E-16   5.07242071E-31   2.92817346E+02
    1720   1.720E+04     0.0048   1.000E+01   0.0000   0.0033   2.149E-16   2.36283793E-16   1.09450916E-30   2.92816287E+02
    1730   1.730E+04     0.0037   1.000E+01   0.0000   0.0033   2.132E-16   2.69279680E-16   6.06304250E-31   2.92815228E+02
    1740   1.740E+04     0.0037   1.000E+01   0.0000   0.0033   1.939E-16   3.14780031E-16   6.25120791E-31   2.92814169E+02
    1750   1.750E+04     0.0042   1.000E+01   0.0000   0.0033   1.214E-16   1.23273787E-16   5.86098202E-31   2.92813110E+02
    1760   1.760E+04     0.0039   1.000E+01   0.0000   0.0033   1.557E-16   2.92843007E-16   4.60663739E-31   2.92812051E+02
    1770   1.770E+04     0.0037   1.000E+01   0.0000   0.0033   1.784E-16   1.94505870E-16   5.58645822E-31   2.92810992E+02
    1780   1.780E+04     0.0037   1.000E+01   0.0000   0.0033   1.198E-16  -4.40583623E-16   5.41997500E-31   2.92809933E+02
    1790   1.790E+04     0.0037   1.000E+01   0.0000   0.0033   1.471E-16   3.64436490E-16   6.69416678E-31   2.92808875E+02
    1800   1.800E+04     0.0047   1.000E+01   0.0000   0.0033   2.063E-16   2.39066579E-16   6.68004350E-31   2.92807817E+02
    1810   1.810E+04     0.0061   1.000E+01   0.0000   0.0033   2.129E-16  -3.34657071E-17   8.93353095E-31   2.92806758E+02
    1820   1.820E+04     0.0037   1.000E+01   0.0000   0.0033   1.861E-16  -1.29236899E-16   6.64836367E-31   2.92805700E+02
    1830   1.830E+04     0.0055   1.000E+01   0.0000   0.0033   1.319E-16  -9.07115818E-18   4.32919899E-31   2.92804642E+02
    1840   1.840E+04     0.0039   1.000E+01   0.0000   0.0033   1.152E-16   6.95334993E-17   5.19985328E-31   2.92803584E+02
    1850   1.850E+04     0.0037   1.000E+01   0.0000   0.0033   1.894E-16  -2.11997665E-16   6.02051636E-31   2.92802526E+02
    1860   1.860E+04     0.0037   1.000E+01   0.0000   0.0033   1.917E-16  -2.97649636E-16   6.56608993E-31   2.92801468E+02
    1870   1.870E+04     0.0037   1.000E+01   0.0000   0.0033   1.838E-16   1.99131799E-16   7.70145196E-31   2.92800411E+02
    1880   1.880E+04     0.0037   1.000E+01   0.0000   0.0033   1.342E-16  -2.12612046E-16   6.54511681E-31   2.92799353E+02
    1890   1.890E+04     0.0040   1.000E+01   0.0000   0.0033   1.713E-16   1.58148957E-16   5.74657664E-31   2.92798296E+02
    1900   1.900E+04     0.0046   1.000E+01   0.0000   0.0033   1.568E-16   2.12973447E-16   5.89414162E-31   2.92797238E+02
    1910   1.910E+04     0.0041   1.000E+01   0.0000   0.0033   1.816E-16   9.70722345E-17   7.95213339E-31   2.92796181E+02
    1920   1.920E+04     0.0040   1.000E+01   0.0000   0.0033   1.041E-16  -4.49257240E-16   6.14570912E-31   2.92795124E+02
    1930   1.930E+04     0.0037   1.000E+01   0.0000   0.0033   1.422E-16   1.03577448E-16   5.09517765E-31   2.92794067E+02
    1940   1.940E+04     0.0037   1.000E+01   0.0000   0.0033   1.520E-16   3.90674183E-17   4.30061348E-31   2.92793010E+02
    1950   1.950E+04     0.0037   1.000E+01   0.0000   0.0033   2.138E-16   1.48535698E-16   7.63109659E-31   2.92791954E+02
    1960   1.960E+04     0.0037   1.000E+01   0.0000   0.0033   1.768E-16   4.31259484E-16   6.79349574E-31   2.92790897E+02
    1970   1.970E+04     0.0037   1.000E+01   0.0000   0.0033   1.708E-16   3.32524806E-16   8.02709859E-31   2.92789840E+02
    1980   1.980E+04     0.0037   1.000E+01   0.0000   0.0033   1.806E-16   2.82073265E-16   8.58311765E-31   2.92788784E+02
    1990   1.990E+04     0.0061   1.000E+01   0.0000   0.0033   1.244E-16  -1.68340457E-16   6.66632773E-31   2.92787728E+02
    2000   2.000E+04     0.0037   1.000E+01   0.0000   0.0033   1.959E-16  -1.98011457E-16   6.98831726E-31   2.92786671E+02
    2010   2.010E+04     0.0037   1.000E+01   0.0000   0.0034   2.193E-16   2.03793868E-16   8.20194109E-31   2.92785615E+02
    2020   2.020E+04     0.0037   1.000E+01   0.0000   0.0034   1.571E-16   2.40042361E-16   5.91976238E-31   2.92784559E+02
    2030   2.030E+04     0.0038   1.000E+01   0.0000   0.0034   1.782E-16   3.66098934E-17   6.15073626E-31   2.92783503E+02
    2040   2.040E+04     0.0037   1.000E+01   0.0000   0.0034   1.360E-16   9.39641883E-19   5.73414712E-31   2.92782448E+02
    2050   2.050E+04     0.0037   1.000E+01   0.0000   0.0034   2.108E-16  -5.74627151E-18   7.26915864E-31   2.92781392E+02
    2060   2.060E+04     0.0037   1.000E+01   0.0000   0.0034   1.706E-16   2.61039743E-16   6.90678706E-31   2.92780336E+02
    2070   2.070E+04     0.0039   1.000E+01   0.0000   0.0034   2.363E-16  -6.41124885E-17   6.34266116E-31   2.92779281E+02
    2080   2.080E+04     0.0048   1.000E+01   0.0000   0.0034   2.208E-16   1.66244333E-17   6.78052935E-31   2.92778226E+02
    2090   2.090E+04     0.0037   1.000E+01   0.0000   0.0034   1.777E-16   1.28044277E-16   5.10528732E-31   2.92777171E+02
    2100   2.100E+04     0.0037   1.000E+01   0.0000   0.0034   2.159E-16   2.54859791E-16   8.06826179E-31   2.92776115E+02
    2110   2.110E+04     0.0037   1.000E+01   0.0000   0.0034   1.983E-16   5.48244899E-17   6.71069621E-31   2.92775060E+02
    2120   2.120E+04     0.0040   1.000E+01   0.0000   0.0034   1.581E-16   2.95914913E-16   6.11896782E-31   2.92774006E+02
    2130   2.130E+04     0.0043   1.000E+01   0.0000   0.0034   2.412E-16   2.79109779E-16   7.28419493E-31   2.92772951E+02
    2140   2.140E+04     0.0038   1.000E+01   0.0000   0.0034   1.920E-16   1.37368415E-16   5.18800994E-31   2.92771896E+02
    2150   2.150E+04     0.0037   1.000E+01   0.0000   0.0034   1.895E-16   2.27321055E-17   7.76726648E-31   2.92770842E+02
    2160   2.160E+04     0.0047   1.000E+01   0.0000   0.0034   2.108E-16   4.44089210E-16   6.80788358E-31   2.92769787E+02
    2170   2.170E+04     0.0062   1.000E+01   0.0000   0.0034   1.742E-16  -1.88253637E-16   7.34101447E-31   2.92768733E+02
    2180   2.180E+04     0.0037   1.000E+01   0.0000   0.0034   1.874E-16   4.48498299E-17   6.89444656E-31   2.92767679E+02
    2190   2.190E+04     0.0051   1.000E+01   0.0000   0.0034   1.459E-16  -1.26490253E-16   5.00471244E-31   2.92766625E+02
    2200   2.200E+04     0.0038   1.000E+01   0.0000   0.0034   1.279E-16   7.08273139E-16   7.34386554E-31   2.92765571E+02
    2210   2.210E+04     0.0037   1.000E+01   0.0000   0.0034   1.991E-16   3.75856753E-17   8.30313162E-31   2.92764517E+02
    2220   2.220E+04     0.0037   1.000E+01   0.0000   0.0034   1.987E-16   9.90599385E-17   7.67677410E-31   2.92763463E+02
    2230   2.230E+04     0.0037   1.000E+01   0.0000   0.0034   1.524E-16   2.30754362E-16   6.07884825E-31   2.92762410E+02
    2240   2.240E+04     0.0037   1.000E+01   0.0000   0.0034   2.381E-16  -1.68521158E-16   8.93013362E-31   2.92761356E+02
    2250   2.250E+04     0.0040   1.000E+01   0.0000   0.0034   1.429E-16   3.14563190E-16   5.68594538E-31   2.92760303E+02
    2260   2.260E+04     0.0048   1.000E+01   0.0000   0.0034   2.003E-16  -4.27103376E-16   7.91028120E-31   2.92759250E+02
    2270   2.270E+04     0.0037   1.000E+01   0.0000   0.0034   2.060E-16  -2.56594514E-17   7.08454918E-31   2.92758196E+02
    2280   2.280E+04     0.0037   1.000E+01   0.0000   0.0034   1.695E-16   3.90818743E-16   6.55546137E-31   2.92757143E+02
    2290   2.290E+04     0.0043   1.000E+01   0.0000   0.0034   2.070E-16   1.59450000E-16   6.61045779E-31   2.92756091E+02
    2300   2.300E+04     0.0037   1.000E+01   0.0000   0.0034   1.422E-16   4.71989346E-16   6.61135806E-31   2.92755038E+02
    2310   2.310E+04     0.0037   1.000E+01   0.0000   0.0034   2.130E-16   2.86735335E-16   8.55345236E-31   2.92753985E+02
    2320   2.320E+04     0.0037   1.000E+01   0.0000   0.0034   1.559E-16   4.31042644E-16   5.84963584E-31   2.92752933E+02
    2330   2.330E+04     0.0037   1.000E+01   0.0000   0.0034   1.480E-16   5.05961014E-19   3.78224178E-31   2.92751880E+02
    2340   2.340E+04     0.0037   1.000E+01   0.0000   0.0034   1.609E-16   5.42101086E-18   8.15553091E-31   2.92750828E+02
    2350   2.350E+04     0.0062   1.000E+01   0.0000   0.0034   1.237E-16  -2.62015525E-17   7.32008210E-31   2.92749776E+02
    2360   2.360E+04     0.0037   1.000E+01   0.0000   0.0034   1.452E-16   6.85179633E-16   9.51090807E-31   2.92748723E+02
    2370   2.370E+04     0.0037   1.000E+01   0.0000   0.0034   2.237E-16   4.23706209E-16   7.95893893E-31   2.92747671E+02
    2380   2.380E+04     0.0037   1.000E+01   0.0000   0.0035   1.963E-16  -1.46620274E-16   8.42051826E-31   2.92746620E+02
    2390   2.390E+04     0.0037   1.000E+01   0.0000   0.0035   1.522E-16   1.26128853E-17   6.64692194E-31   2.92745568E+02
    2400   2.400E+04     0.0037   1.000E+01   0.0000   0.0035   1.967E-16  -1.24791670E-16   6.16181203E-31   2.92744516E+02
    2410   2.410E+04     0.0037   1.000E+01   0.0000   0.0035   1.270E-16  -2.98264018E-16   4.53048124E-31   2.92743465E+02
    2420   2.420E+04     0.0037   1.000E+01   0.0000   0.0035   1.935E-16   2.39644820E-16   9.64778911E-31   2.92742413E+02
    2430   2.430E+04     0.0039   1.000E+01   0.0000   0.0035   1.881E-16   7.61471326E-17   6.01622585E-31   2.92741362E+02
    2440   2.440E+04     0.0048   1.000E+01   0.0000   0.0035   1.830E-16  -7.18103239E-17   5.78443676E-31   2.92740311E+02
    2450   2.450E+04     0.0038   1.000E+01   0.0000   0.0035   2.036E-16   1.02565526E-16   6.06443700E-31   2.92739260E+02
    2460   2.460E+04     0.0044   1.000E+01   0.0000   0.0035   1.527E-16   2.47559496E-16   6.44794449E-31   2.92738209E+02
    2470   2.470E+04     0.0038   1.000E+01   0.0000   0.0035   1.453E-16  -2.47053535E-16   8.05283052E-31   2.92737158E+02
    2480   2.480E+04     0.0037   1.000E+01   0.0000   0.0035   1.461E-16  -1.32525646E-16   6.49547521E-31   2.92736108E+02
    2490   2.490E+04     0.0037   1.000E+01   0.0000   0.0035   2.201E-16  -3.09359020E-16   8.49634904E-31   2.92735057E+02
    2500   2.500E+04     0.0037   1.000E+01   0.0000   0.0035   2.008E-16   3.05166771E-16   8.11806262E-31   2.92734007E+02
    2510   2.510E+04     0.0037   1.000E+01   0.0000   0.0035   1.864E-16  -8.24716453E-17   1.12214133E-30   2.92732956E+02
    2520   2.520E+04     0.0047   1.000E+01   0.0000   0.0035   1.160E-16  -4.07515457E-16   6.00396205E-31   2.92731906E+02
    2530   2.530E+04     0.0063   1.000E+01   0.0000   0.0035   1.499E-16  -2.11672404E-16   3.80194892E-31   2.92730856E+02
    2540   2.540E+04     0.0037   1.000E+01   0.0000   0.0035   2.360E-16  -1.01083783E-16   7.96272622E-31   2.92729806E+02
    2550   2.550E+04     0.0053   1.000E+01   0.0000   0.0035   1.632E-16  -3.60316522E-17   4.15049376E-31   2.92728756E+02
    2560   2.560E+04     0.0038   1.000E+01   0.0000   0.0035   2.006E-16   1.35200011E-16   6.12521769E-31   2.92727707E+02
    2570   2.570E+04     0.0037   1.000E+01   0.0000   0.0035   1.761E-16  -3.31765865E-17   4.96374505E-31   2.92726657E+02
    2580   2.580E+04     0.0037   1.000E+01   0.0000   0.0035   1.203E-16   1.78893358E-16   5.97044134E-31   2.92725607E+02
    2590   2.590E+04     0.0037   1.000E+01   0.0000   0.0035   2.282E-16   1.55438451E-16   9.49925511E-31   2.92724558E+02
    2600   2.600E+04     0.0037   1.000E+01   0.0000   0.0035   1.186E-16   6.31330925E-16   6.03598712E-31   2.92723509E+02
    2610   2.610E+04     0.0040   1.000E+01   0.0000   0.0035   1.164E-16  -5.85469173E-18   6.89598401E-31   2.92722460E+02
    2620   2.620E+04     0.0047   1.000E+01   0.0000   0.0035   1.768E-16  -5.23452809E-16   6.89425619E-31   2.92721411E+02
    2630   2.630E+04     0.0037   1.000E+01   0.0000   0.0035   1.598E-16   9.01694807E-17   6.00576489E-31   2.92720362E+02
    2640   2.640E+04     0.0037   1.000E+01   0.0000   0.0035   1.799E-16  -7.45931095E-17   4.32030055E-31   2.92719313E+02
    2650   2.650E+04     0.0037   1.000E+01   0.0000   0.0035   2.356E-16   7.94358792E-17   7.56772480E-31   2.92718265E+02
    2660   2.660E+04     0.0042   1.000E+01   0.0000   0.0035   2.053E-16  -8.96996597E-17   5.75886740E-31   2.92717216E+02
    2670   2.670E+04     0.0037   1.000E+01   0.0000   0.0035   1.935E-16   5.09972562E-16   1.06349448E-30   2.92716168E+02
    2680   2.680E+04     0.0037   1.000E+01   0.0000   0.0035   1.672E-16  -2.87494276E-16   8.74037184E-31   2.92715119E+02
    2690   2.690E+04     0.0058   1.000E+01   0.0000   0.0035   1.150E-16  -5.98768720E-16   5.39187326E-31   2.92714071E+02
    2700   2.700E+04     0.0043   1.000E+01   0.0000   0.0035   1.646E-16   2.87747257E-16   5.19090782E-31   2.92713023E+02
    2710   2.710E+04     0.0067   1.000E+01   0.0000   0.0035   2.164E-16   2.26489834E-16   1.03532918E-30   2.92711975E+02
    2720   2.720E+04     0.0037   1.000E+01   0.0000   0.0035   2.112E-16  -5.42426347E-16   8.48967411E-31   2.92710928E+02
    2730   2.730E+04     0.0037   1.000E+01   0.0000   0.0035   1.104E-16   1.56884054E-16   7.16996698E-31   2.92709880E+02
    2740   2.740E+04     0.0037   1.000E+01   0.0000   0.0035   2.127E-16   4.91107444E-16   8.11865758E-31   2.92708832E+02
    2750   2.750E+04     0.0037   1.000E+01   0.0000   0.0035   2.272E-16  -1.50631822E-16   9.32852046E-31   2.92707785E+02
    2760   2.760E+04     0.0037   1.000E+01   0.0000   0.0035   1.830E-16   7.82793969E-17   6.14619123E-31   2.92706738E+02
    2770   2.770E+04     0.0037   1.000E+01   0.0000   0.0035   1.764E-16  -1.23237647E-16   4.36788916E-31   2.92705690E+02
    2780   2.780E+04     0.0037   1.000E+01   0.0000   0.0035   1.792E-16   1.03505167E-16   6.01860547E-31   2.92704643E+02
    2790   2.790E+04     0.0040   1.000E+01   0.0000   0.0035   1.670E-16  -1.35705972E-16   5.86398000E-31   2.92703597E+02
    2800   2.800E+04     0.0047   1.000E+01   0.0000   0.0035   1.264E-16   4.84240830E-16   5.81881385E-31   2.92702550E+02
    2810   2.810E+04     0.0037   1.000E+01   0.0000   0.0035   1.945E-16  -1.37946656E-16   8.25529203E-31   2.92701503E+02
    2820   2.820E+04     0.0043   1.000E+01   0.0000   0.0035   1.855E-16  -1.27899716E-16   7.50937535E-31   2.92700456E+02
    2830   2.830E+04     0.0040   1.000E+01   0.0000   0.0035   1.654E-16  -8.09537622E-17   6.36763346E-31   2.92699410E+02
    2840   2.840E+04     0.0052   1.000E+01   0.0000   0.0035   2.108E-16   5.35234472E-17   8.18784728E-31   2.92698364E+02
    2850   2.850E+04     0.0048   1.000E+01   0.0000   0.0035   2.028E-16   1.04806210E-18   7.42055897E-31   2.92697318E+02
    2860   2.860E+04     0.0042   1.000E+01   0.0000   0.0035   1.439E-16   4.34259110E-16   6.45661912E-31   2.92696271E+02
    2870   2.870E+04     0.0039   1.000E+01   0.0000   0.0036   1.845E-16  -1.87747676E-16   6.61889146E-31   2.92695226E+02
    2880   2.880E+04     0.0055   1.000E+01   0.0000   0.0036   1.911E-16  -5.46076494E-17   6.71671182E-31   2.92694180E+02
    2890   2.890E+04     0.0062   1.000E+01   0.0000   0.0036   2.132E-16   3.09503580E-16   7.46761782E-31   2.92693134E+02
    2900   2.900E+04     0.0038   1.000E+01   0.0000   0.0036   1.892E-16  -1.46584134E-16   7.99420251E-31   2.92692088E+02
    2910   2.910E+04     0.0050   1.000E+01   0.0000   0.0036   1.773E-16   7.29668062E-17   6.61443942E-31   2.92691043E+02
    2920   2.920E+04     0.0037   1.000E+01   0.0000   0.0036   2.165E-16  -4.70905144E-17   5.02080219E-31   2.92689998E+02
    2930   2.930E+04     0.0037   1.000E+01   0.0000   0.0036   1.588E-16   1.37549116E-16   6.23689132E-31   2.92688952E+02
    2940   2.940E+04     0.0037   1.000E+01   0.0000   0.0036   2.064E-16   1.81965265E-16   5.99257177E-31   2.92687907E+02
    2950   2.950E+04     0.0037   1.000E+01   0.0000   0.0036   1.560E-16  -3.17671237E-17   7.58111039E-31   2.92686862E+02
    2960   2.960E+04     0.0038   1.000E+01   0.0000   0.0036   9.793E-17  -3.81711445E-16   4.68431092E-31   2.92685818E+02
    2970   2.970E+04     0.0048   1.000E+01   0.0000   0.0036   1.572E-16  -1.30682502E-16   7.18418555E-31   2.92684773E+02
    2980   2.980E+04     0.0038   1.000E+01   0.0000   0.0036   1.791E-16  -6.27897618E-16   9.95988819E-31   2.92683728E+02
    2990   2.990E+04     0.0037   1.000E+01   0.0000   0.0036   1.771E-16  -2.66569174E-16   4.75527191E-31   2.92682684E+02
    3000   3.000E+04     0.0037   1.000E+01   0.0000   0.0036   1.948E-16   1.47632196E-16   6.54345461E-31   2.92681640E+02
    3010   3.010E+04     0.0039   1.000E+01   0.0000   0.0036   1.785E-16   1.57787556E-16   7.01982991E-31   2.92680595E+02
    3020   3.020E+04     0.0040   1.000E+01   0.0000   0.0036   1.452E-16   2.39102719E-16   5.57831231E-31   2.92679551E+02
    3030   3.030E+04     0.0037   1.000E+01   0.0000   0.0036   1.197E-16   8.30137463E-17   4.95380048E-31   2.92678507E+02
    3040   3.040E+04     0.0037   1.000E+01   0.0000   0.0036   1.380E-16   1.62630326E-17   5.78970485E-31   2.92677463E+02
    3050   3.050E+04     0.0037   1.000E+01   0.0000   0.0036   1.129E-16  -7.49183701E-17   4.10846351E-31   2.92676420E+02
    3060   3.060E+04     0.0046   1.000E+01   0.0000   0.0036   1.987E-16   1.52655666E-16   5.70330006E-31   2.92675376E+02
    3070   3.070E+04     0.0073   1.000E+01   0.0000   0.0036   1.866E-16  -1.95120251E-16   6.54374968E-31   2.92674333E+02
    3080   3.080E+04     0.0040   1.000E+01   0.0000   0.0036   9.317E-17   3.88108238E-16   6.57693394E-31   2.92673289E+02
    3090   3.090E+04     0.0037   1.000E+01   0.0000   0.0036   1.965E-16  -3.84168970E-16   7.16270023E-31   2.92672246E+02
    3100   3.100E+04     0.0037   1.000E+01   0.0000   0.0036   9.936E-17   5.08852220E-16   6.14784967E-31   2.92671203E+02
    3110   3.110E+04     0.0037   1.000E+01   0.0000   0.0036   2.121E-16  -1.21177663E-16   8.86773483E-31   2.92670160E+02
    3120   3.120E+04     0.0037   1.000E+01   0.0000   0.0036   1.161E-16   4.94540751E-16   5.63707532E-31   2.92669117E+02
    3130   3.130E+04     0.0037   1.000E+01   0.0000   0.0036   2.239E-16   2.48354578E-16   9.61150093E-31   2.92668075E+02
    3140   3.140E+04     0.0037   1.000E+01   0.0000   0.0036   1.450E-16  -2.71411944E-17   9.13724674E-31   2.92667032E+02
    3150   3.150E+04     0.0040   1.000E+01   0.0000   0.0036   2.265E-16   2.61834825E-16   7.26099308E-31   2.92665990E+02
    3160   3.160E+04     0.0047   1.000E+01   0.0000   0.0036   2.414E-16  -2.32452946E-16   6.03347292E-31   2.92664947E+02
    3170   3.170E+04     0.0044   1.000E+01   0.0000   0.0036   1.895E-16   2.26272993E-16   8.92021683E-31   2.92663905E+02
    3180   3.180E+04     0.0042   1.000E+01   0.0000   0.0036   1.268E-16   2.80519242E-16   3.91656537E-31   2.92662863E+02
    3190   3.190E+04     0.0037   1.000E+01   0.0000   0.0036   1.752E-16   5.20706163E-16   5.23770315E-31   2.92661821E+02
    3200   3.200E+04     0.0037   1.000E+01   0.0000   0.0036   1.528E-16  -3.14960731E-16   6.76934889E-31   2.92660779E+02
    3210   3.210E+04     0.0037   1.000E+01   0.0000   0.0036   1.610E-16   4.28440558E-16   6.56687213E-31   2.92659737E+02
    3220   3.220E+04     0.0037   1.000E+01   0.0000   0.0036   1.314E-16  -3.80916363E-17   5.53733865E-31   2.92658696E+02
    3230   3.230E+04     0.0037   1.000E+01   0.0000   0.0036   1.206E-16   1.46692554E-16   5.43946041E-31   2.92657654E+02
    3240   3.240E+04     0.0051   1.000E+01   0.0000   0.0036   1.718E-16  -3.37042315E-16   6.50578968E-31   2.92656613E+02
    3250   3.250E+04     0.0063   1.000E+01   0.0000   0.0036   2.086E-16   7.35450474E-17   6.59830516E-31   2.92655572E+02
    3260   3.260E+04     0.0039   1.000E+01   0.0000   0.0036   1.334E-16   1.79543880E-16   5.60325578E-31   2.92654531E+02
    3270   3.270E+04     0.0051   1.000E+01   0.0000   0.0036   2.176E-16   5.40294083E-17   7.50632847E-31   2.92653490E+02
    3280   3.280E+04     0.0037   1.000E+01   0.0000   0.0036   2.054E-16  -1.96493574E-16   7.07751189E-31   2.92652449E+02
    3290   3.290E+04     0.0037   1.000E+01   0.0000   0.0036   1.558E-16   7.21717246E-17   6.05615881E-31   2.92651408E+02
    3300   3.300E+04     0.0037   1.000E+01   0.0000   0.0036   1.704E-16  -4.91866386E-17   5.77099788E-31   2.92650368E+02
    3310   3.310E+04     0.0037   1.000E+01   0.0000   0.0036   9.562E-17  -1.11094583E-16   5.43589965E-31   2.92649327E+02
    3320   3.320E+04     0.0039   1.000E+01   0.0000   0.0036   1.651E-16   6.25223253E-17   5.48909135E-31   2.92648287E+02
    3330   3.330E+04     0.0047   1.000E+01   0.0000   0.0036   1.831E-16  -2.28947359E-16   5.19471768E-31   2.92647247E+02
    3340   3.340E+04     0.0037   1.000E+01   0.0000   0.0036   1.754E-16   2.53161207E-16   5.87255808E-31   2.92646207E+02
    3350   3.350E+04     0.0037   1.000E+01   0.0000   0.0036   1.756E-16   4.84638371E-17   8.07633728E-31   2.92645167E+02
    3360   3.360E+04     0.0037   1.000E+01   0.0000   0.0036   1.425E-16  -9.93851991E-17   6.42770843E-31   2.92644127E+02
    3370   3.370E+04     0.0037   1.000E+01   0.0000   0.0036   2.305E-16  -3.97540797E-17   5.45824136E-31   2.92643087E+02
    3380   3.380E+04     0.0042   1.000E+01   0.0000   0.0036   1.768E-16  -1.66497314E-16   5.75741564E-31   2.92642048E+02
    3390   3.390E+04     0.0037   1.000E+01   0.0000   0.0036   1.451E-16   2.04805790E-16   6.76079965E-31   2.92641008E+02
    3400   3.400E+04     0.0037   1.000E+01   0.0000   0.0036   1.714E-16   9.17704859E-16   8.80597341E-31   2.92639969E+02
    3410   3.410E+04     0.0037   1.000E+01   0.0000   0.0036   2.084E-16   4.23923049E-17   8.26283860E-31   2.92638930E+02
    3420   3.420E+04     0.0037   1.000E+01   0.0000   0.0036   2.006E-16  -4.08491239E-16   7.24999171E-31   2.92637891E+02
    3430   3.430E+04     0.0063   1.000E+01   0.0000   0.0036   1.331E-16   4.89806401E-16   5.43857769E-31   2.92636852E+02
    3440   3.440E+04     0.0037   1.000E+01   0.0000   0.0036   1.575E-16  -5.01262804E-16   8.75559266E-31   2.92635813E+02
    3450   3.450E+04     0.0037   1.000E+01   0.0000   0.0036   2.108E-16   1.53053207E-16   6.95313853E-31   2.92634774E+02
    3460   3.460E+04     0.0037   1.000E+01   0.0000   0.0036   1.360E-16   1.19406799E-16   5.97016884E-31   2.92633736E+02
    3470   3.470E+04     0.0037   1.000E+01   0.0000   0.0036   1.926E-16   2.52582966E-16   6.15275707E-31   2.92632697E+02
    3480   3.480E+04     0.0037   1.000E+01   0.0000   0.0036   1.156E-16   8.85793175E-17   5.61180815E-31   2.92631659E+02
    3490   3.490E+04     0.0037   1.000E+01   0.0000   0.0036   1.602E-16  -1.49150079E-16   6.88428026E-31   2.92630621E+02
    3500   3.500E+04     0.0037   1.000E+01   0.0000   0.0036   1.777E-16   6.78385299E-16   7.24254921E-31   2.92629583E+02
    3510   3.510E+04     0.0039   1.000E+01   0.0000   0.0036   1.092E-16   1.73291647E-16   5.68817955E-31   2.92628545E+02
    3520   3.520E+04     0.0047   1.000E+01   0.0000   0.0036   1.480E-16   4.38379078E-17   3.80766569E-31   2.92627507E+02
    3530   3.530E+04     0.0038   1.000E+01   0.0000   0.0037   1.741E-16   2.61003603E-16   4.90125556E-31   2.92626469E+02
    3540   3.540E+04     0.0037   1.000E+01   0.0000   0.0037   1.998E-16  -1.12034224E-18   7.29251472E-31   2.92625432E+02
    3550   3.550E+04     0.0042   1.000E+01   0.0000   0.0037   1.421E-16   1.74411989E-16   6.33608508E-31   2.92624395E+02
    3560   3.560E+04     0.0038   1.000E+01   0.0000   0.0037   1.119E-16   4.63351868E-16   5.44198944E-31   2.92623357E+02
    3570   3.570E+04     0.0037   1.000E+01   0.0000   0.0037   2.257E-16   3.31440604E-16   8.54569660E-31   2.92622320E+02
    3580   3.580E+04     0.0037   1.000E+01   0.0000   0.0037   1.987E-16  -5.06141714E-16   7.70557277E-31   2.92621283E+02
    3590   3.590E+04     0.0037   1.000E+01   0.0000   0.0037   1.892E-16  -5.31620465E-17   6.61014996E-31   2.92620246E+02
    3600   3.600E+04     0.0059   1.000E+01   0.0000   0.0037   2.177E-16   2.64870591E-16   9.23232657E-31   2.92619209E+02
