    ITER        TIME      CPUDT          DT      CFL     DNUM         DIV              MOM              TKE             MASS
       0   0.000E+00     0.0051   1.000E+00   0.0000   0.0017   0.000E+00   0.00000000E+00   0.00000000E+00   2.98250000E+02
      10   1.000E+01     2.4992   1.000E+00   0.0000   0.0016   5.928E-18   2.45729180E-18   3.04630039E-34   2.98249853E+02
      20   2.000E+01     2.5132   1.000E+00   0.0000   0.0016   5.649E-18  -1.97847615E-19   2.53780513E-34   2.98249706E+02
      30   3.000E+01     2.4947   1.000E+00   0.0000   0.0015   6.034E-18  -7.82601989E-19   2.93776396E-34   2.98249559E+02
      40   4.000E+01     2.4974   1.000E+00   0.0000   0.0015   6.062E-18   2.49554381E-18   2.50488739E-34   2.98249412E+02
      50   5.000E+01     2.5025   1.000E+00   0.0000   0.0015   5.788E-18   1.23048716E-18   2.63135992E-34   2.98249265E+02
      60   6.000E+01     2.5120   1.000E+00   0.0000   0.0015   4.594E-18  -5.01231956E-18   2.12535406E-34   2.98249118E+02
      70   7.000E+01     2.5472   1.000E+00   0.0000   0.0014   5.345E-18   4.53902987E-18   2.68606413E-34   2.98248972E+02
      80   8.000E+01     3.7535   1.000E+00   0.0000   0.0014   6.115E-18  -6.31364150E-18   2.56890779E-34   2.98248825E+02
      90   9.000E+01     3.2436   1.000E+00   0.0000   0.0014   6.301E-18  -2.06795133E-18   3.09533500E-34   2.98248678E+02
     100   1.000E+02     2.7665   1.000E+00   0.0000   0.0014   6.657E-18  -2.09691580E-18   2.80120430E-34   2.98248531E+02
     110   1.100E+02     2.5222   1.000E+00   0.0000   0.0014   6.013E-18   1.23347727E-18   2.89547582E-34   2.98248384E+02
     120   1.200E+02     2.5168   1.000E+00   0.0000   0.0013   6.238E-18   5.62540999E-18   2.82089777E-34   2.98248237E+02
     130   1.300E+02     2.5331   1.000E+00   0.0000   0.0013   5.344E-18   7.89054631E-19   2.62624591E-34   2.98248090E+02
     140   1.400E+02     2.5098   1.000E+00   0.0000   0.0013   6.231E-18   4.83155082E-18   2.32631517E-34   2.98247943E+02
     150   1.500E+02     2.4930   1.000E+00   0.0000   0.0013   6.002E-18  -3.33143555E-18   2.36681930E-34   2.98247796E+02
     160   1.600E+02     2.4933   1.000E+00   0.0000   0.0013   6.814E-18  -8.60570144E-18   2.85927929E-34   2.98247649E+02
     170   1.700E+02     2.4949   1.000E+00   0.0000   0.0013   5.688E-18   3.80124896E-18   2.10771043E-34   2.98247502E+02
     180   1.800E+02     2.5217   1.000E+00   0.0000   0.0013   5.625E-18   2.16401622E-18   2.59224275E-34   2.98247355E+02
     190   1.900E+02     2.5649   1.000E+00   0.0000   0.0012   6.336E-18  -4.22644570E-18   2.96954183E-34   2.98247208E+02
     200   2.000E+02     2.5154   1.000E+00   0.0000   0.0012   5.657E-18   2.35342218E-18   2.57374251E-34   2.98247061E+02
     210   2.100E+02     2.5005   1.000E+00   0.0000   0.0012   6.283E-18  -4.91164330E-18   3.13484328E-34   2.98246914E+02
     220   2.200E+02     2.5000   1.000E+00   0.0000   0.0012   6.595E-18   8.46340336E-19   3.20376574E-34   2.98246767E+02
     230   2.300E+02     2.4962   1.000E+00   0.0000   0.0012   6.621E-18   3.64252513E-18   2.79636689E-34   2.98246620E+02
     240   2.400E+02     2.5085   1.000E+00   0.0000   0.0012   6.388E-18   3.10004815E-19   1.95956925E-34   2.98246473E+02
     250   2.500E+02     2.5426   1.000E+00   0.0000   0.0012   6.365E-18  -4.25009742E-19   2.50792061E-34   2.98246326E+02
     260   2.600E+02     2.5035   1.000E+00   0.0000   0.0012   5.740E-18  -1.64865946E-18   2.73237632E-34   2.98246179E+02
     270   2.700E+02     2.5076   1.000E+00   0.0000   0.0012   5.319E-18   4.65325254E-19   2.43396702E-34   2.98246032E+02
     280   2.800E+02     2.4979   1.000E+00   0.0000   0.0012   5.432E-18   4.02404715E-18   2.84073698E-34   2.98245885E+02
     290   2.900E+02     2.5030   1.000E+00   0.0000   0.0011   6.015E-18  -1.00037759E-19   2.86437237E-34   2.98245738E+02
     300   3.000E+02     2.5350   1.000E+00   0.0000   0.0011   5.725E-18   2.05148112E-19   3.17433736E-34   2.98245591E+02
     310   3.100E+02     2.5636   1.000E+00   0.0000   0.0011   5.551E-18   6.62331362E-18   2.96530644E-34   2.98245444E+02
     320   3.200E+02     2.4920   1.000E+00   0.0000   0.0011   6.227E-18   5.12252592E-18   2.50290017E-34   2.98245297E+02
     330   3.300E+02     2.5291   1.000E+00   0.0000   0.0011   5.847E-18   2.21543520E-18   2.95968519E-34   2.98245150E+02
     340   3.400E+02     2.5142   1.000E+00   0.0000   0.0011   5.815E-18   4.76772672E-19   2.23416122E-34   2.98245003E+02
     350   3.500E+02     2.5174   1.000E+00   0.0000   0.0011   6.826E-18  -1.82258131E-18   3.21176074E-34   2.98244856E+02
     360   3.600E+02     2.5020   1.000E+00   0.0000   0.0011   5.582E-18   2.60487677E-18   2.45130483E-34   2.98244709E+02
     370   3.700E+02     2.5229   1.000E+00   0.0000   0.0011   6.317E-18   1.17555304E-18   2.88790931E-34   2.98244562E+02
     380   3.800E+02     2.4876   1.000E+00   0.0000   0.0011   6.485E-18  -4.72296435E-18   3.00431205E-34   2.98244415E+02
     390   3.900E+02     2.4923   1.000E+00   0.0000   0.0011   6.049E-18  -4.35625603E-18   3.24885157E-34   2.98244268E+02
     400   4.000E+02     2.4885   1.000E+00   0.0000   0.0011   6.591E-18   3.31775672E-18   2.86564110E-34   2.98244121E+02
     410   4.100E+02     2.5033   1.000E+00   0.0000   0.0011   6.100E-18  -1.46364829E-18   2.75212652E-34   2.98243974E+02
     420   4.200E+02     2.5185   1.000E+00   0.0000   0.0011   6.127E-18  -1.68393850E-18   3.37521453E-34   2.98243827E+02
     430   4.300E+02     2.5696   1.000E+00   0.0000   0.0011   6.249E-18   8.91492013E-19   2.51512679E-34   2.98243680E+02
     440   4.400E+02     2.5224   1.000E+00   0.0000   0.0011   5.346E-18  -1.66319054E-18   2.20193599E-34   2.98243533E+02
     450   4.500E+02     2.5039   1.000E+00   0.0000   0.0010   5.279E-18   2.86629869E-18   2.52276410E-34   2.98243386E+02
     460   4.600E+02     2.4898   1.000E+00   0.0000   0.0010   6.189E-18  -2.47035579E-18   3.16374855E-34   2.98243239E+02
     470   4.700E+02     2.4988   1.000E+00   0.0000   0.0010   6.020E-18   7.08942014E-19   2.72225629E-34   2.98243092E+02
     480   4.800E+02     2.5281   1.000E+00   0.0000   0.0010   6.299E-18   3.37047307E-18   2.26878737E-34   2.98242945E+02
     490   4.900E+02     2.5192   1.000E+00   0.0000   0.0010   6.588E-18   2.79065238E-18   2.86784057E-34   2.98242798E+02
     500   5.000E+02     2.5309   1.000E+00   0.0000   0.0010   5.465E-18   1.46197568E-18   2.63463461E-34   2.98242651E+02
     510   5.100E+02     2.5064   1.000E+00   0.0000   0.0010   6.560E-18   2.28447586E-18   2.92260243E-34   2.98242504E+02
     520   5.200E+02     2.5005   1.000E+00   0.0000   0.0010   5.418E-18  -3.43616341E-18   2.85267603E-34   2.98242357E+02
     530   5.300E+02     2.5016   1.000E+00   0.0000   0.0010   6.186E-18   6.31220608E-19   2.65896025E-34   2.98242210E+02
     540   5.400E+02     2.5099   1.000E+00   0.0000   0.0010   4.659E-18   1.70006548E-18   2.39214050E-34   2.98242063E+02
     550   5.500E+02     2.5271   1.000E+00   0.0000   0.0010   6.090E-18  -1.28218095E-18   2.81887081E-34   2.98241915E+02
     560   5.600E+02     2.5151   1.000E+00   0.0000   0.0010   5.459E-18  -3.70036670E-18   2.46933831E-34   2.98241768E+02
     570   5.700E+02     2.5194   1.000E+00   0.0000   0.0010   6.275E-18   1.31258014E-18   2.48838871E-34   2.98241621E+02
     580   5.800E+02     2.5083   1.000E+00   0.0000   0.0010   6.097E-18   3.29876015E-18   2.62840644E-34   2.98241474E+02
     590   5.900E+02     2.5078   1.000E+00   0.0000   0.0010   5.491E-18   3.61143779E-18   2.94046875E-34   2.98241327E+02
     600   6.000E+02     2.5126   1.000E+00   0.0000   0.0010   6.172E-18  -1.52830350E-18   2.55640436E-34   2.98241180E+02
     610   6.100E+02     2.5447   1.000E+00   0.0000   0.0010   6.559E-18   3.10720642E-18   2.86281795E-34   2.98241033E+02
     620   6.200E+02     2.5050   1.000E+00   0.0000   0.0010   5.606E-18   2.46644991E-18   2.72454718E-34   2.98240886E+02
     630   6.300E+02     2.5260   1.000E+00   0.0000   0.0010   5.366E-18  -3.41205444E-19   2.76551986E-34   2.98240739E+02
     640   6.400E+02     2.5030   1.000E+00   0.0000   0.0010   6.066E-18   2.99251614E-18   3.15219670E-34   2.98240592E+02
     650   6.500E+02     2.5182   1.000E+00   0.0000   0.0010   5.815E-18   9.64993515E-19   2.76984177E-34   2.98240445E+02
     660   6.600E+02     2.5093   1.000E+00   0.0000   0.0010   6.382E-18   2.71589784E-18   2.81806281E-34   2.98240298E+02
     670   6.700E+02     2.5511   1.000E+00   0.0000   0.0010   5.958E-18  -2.53265915E-18   2.60481569E-34   2.98240151E+02
     680   6.800E+02     2.5140   1.000E+00   0.0000   0.0010   5.111E-18  -1.43952699E-18   2.40463290E-34   2.98240004E+02
     690   6.900E+02     2.5132   1.000E+00   0.0000   0.0010   6.341E-18  -2.10233983E-18   3.41916592E-34   2.98239857E+02
     700   7.000E+02     2.5031   1.000E+00   0.0000   0.0010   6.339E-18   4.04188526E-18   2.80855898E-34   2.98239710E+02
     710   7.100E+02     2.5338   1.000E+00   0.0000   0.0010   5.383E-18   1.98789926E-18   2.72749546E-34   2.98239563E+02
     720   7.200E+02     2.4959   1.000E+00   0.0000   0.0010   6.279E-18   3.36753648E-18   2.40486113E-34   2.98239416E+02
     730   7.300E+02     2.5322   1.000E+00   0.0000   0.0009   6.594E-18  -1.72665216E-18   2.90676693E-34   2.98239269E+02
     740   7.400E+02     2.5873   1.000E+00   0.0000   0.0009   6.491E-18  -1.85523298E-18   2.52115417E-34   2.98239122E+02
     750   7.500E+02     2.5051   1.000E+00   0.0000   0.0009   6.489E-18   9.35117593E-19   2.43919337E-34   2.98238975E+02
     760   7.600E+02     2.4982   1.000E+00   0.0000   0.0009   6.476E-18  -1.70522377E-18   2.58977698E-34   2.98238828E+02
     770   7.700E+02     2.5026   1.000E+00   0.0000   0.0009   6.715E-18  -5.26513583E-18   3.24888639E-34   2.98238681E+02
     780   7.800E+02     2.5032   1.000E+00   0.0000   0.0009   6.770E-18  -1.83522450E-18   2.52327173E-34   2.98238534E+02
     790   7.900E+02     2.5611   1.000E+00   0.0000   0.0009   6.568E-18   2.09463751E-18   3.21020796E-34   2.98238387E+02
     800   8.000E+02     2.4957   1.000E+00   0.0000   0.0009   5.604E-18   1.83065192E-18   2.42982509E-34   2.98238240E+02
     810   8.100E+02     2.5037   1.000E+00   0.0000   0.0009   6.546E-18  -2.01033181E-19   2.42972078E-34   2.98238093E+02
     820   8.200E+02     2.5255   1.000E+00   0.0000   0.0009   6.533E-18   8.12956591E-18   3.08387274E-34   2.98237946E+02
     830   8.300E+02     2.5178   1.000E+00   0.0000   0.0009   6.280E-18   3.20023846E-18   2.80513793E-34   2.98237799E+02
     840   8.400E+02     2.5371   1.000E+00   0.0000   0.0009   5.576E-18   3.90301945E-18   2.47354812E-34   2.98237652E+02
     850   8.500E+02     2.5188   1.000E+00   0.0000   0.0009   6.571E-18  -1.79219239E-18   3.31958811E-34   2.98237505E+02
     860   8.600E+02     2.5087   1.000E+00   0.0000   0.0009   5.948E-18  -3.40962161E-18   2.62375001E-34   2.98237358E+02
     870   8.700E+02     2.5156   1.000E+00   0.0000   0.0009   6.307E-18  -3.81433699E-18   2.81913025E-34   2.98237210E+02
     880   8.800E+02     2.5113   1.000E+00   0.0000   0.0009   6.764E-18   1.30056985E-18   3.31474606E-34   2.98237063E+02
     890   8.900E+02     2.4935   1.000E+00   0.0000   0.0009   4.435E-18   6.44607410E-18   2.04247498E-34   2.98236916E+02
     900   9.000E+02     2.5127   1.000E+00   0.0000   0.0009   6.309E-18  -1.43881820E-18   2.72878370E-34   2.98236769E+02
     910   9.100E+02     2.5493   1.000E+00   0.0000   0.0009   6.071E-18   7.21562299E-18   3.06022522E-34   2.98236622E+02
     920   9.200E+02     2.4963   1.000E+00   0.0000   0.0009   6.148E-18   1.47180351E-18   2.07847682E-34   2.98236475E+02
     930   9.300E+02     2.5409   1.000E+00   0.0000   0.0009   4.988E-18  -6.40581761E-19   2.47298652E-34   2.98236328E+02
     940   9.400E+02     2.5000   1.000E+00   0.0000   0.0009   5.847E-18   1.05412428E-18   3.06695119E-34   2.98236181E+02
     950   9.500E+02     2.4959   1.000E+00   0.0000   0.0009   6.034E-18   6.19182631E-18   2.52178952E-34   2.98236034E+02
     960   9.600E+02     2.5231   1.000E+00   0.0000   0.0009   6.269E-18  -2.24766149E-18   2.35606603E-34   2.98235887E+02
     970   9.700E+02     2.5125   1.000E+00   0.0000   0.0009   6.345E-18   2.51053668E-19   2.42863617E-34   2.98235740E+02
     980   9.800E+02     2.5229   1.000E+00   0.0000   0.0009   6.470E-18   5.02884477E-18   2.96834045E-34   2.98235593E+02
     990   9.900E+02     2.5086   1.000E+00   0.0000   0.0009   6.027E-18   3.85439850E-18   2.11824626E-34   2.98235446E+02
    1000   1.000E+03     2.4899   1.000E+00   0.0000   0.0009   6.277E-18   6.19480169E-18   3.47539869E-34   2.98235299E+02
    1010   1.010E+03     2.5475   1.000E+00   0.0000   0.0009   5.986E-18  -1.91737822E-18   2.97591214E-34   2.98235152E+02
    1020   1.020E+03     2.8454   1.000E+00   0.0000   0.0009   5.830E-18   3.03515303E-19   2.75339322E-34   2.98235005E+02
    1030   1.030E+03     3.9077   1.000E+00   0.0000   0.0009   5.572E-18  -4.69488454E-18   2.46392827E-34   2.98234858E+02
    1040   1.040E+03     3.7350   1.000E+00   0.0000   0.0009   6.775E-18   7.72951044E-18   2.55744843E-34   2.98234711E+02
    1050   1.050E+03     4.2327   1.000E+00   0.0000   0.0009   5.571E-18   3.29795125E-18   2.74702217E-34   2.98234564E+02
    1060   1.060E+03     3.9380   1.000E+00   0.0000   0.0009   6.028E-18   7.55532935E-18   2.63122255E-34   2.98234417E+02
    1070   1.070E+03     2.7024   1.000E+00   0.0000   0.0009   5.847E-18   5.90347891E-18   2.89738858E-34   2.98234270E+02
    1080   1.080E+03     2.7144   1.000E+00   0.0000   0.0009   6.603E-18  -1.70158698E-18   2.88536611E-34   2.98234123E+02
    1090   1.090E+03     2.6664   1.000E+00   0.0000   0.0009   6.111E-18   3.04597335E-18   3.19285002E-34   2.98233976E+02
    1100   1.100E+03     2.7077   1.000E+00   0.0000   0.0009   6.257E-18  -6.07148334E-18   3.24033052E-34   2.98233829E+02
    1110   1.110E+03     2.5049   1.000E+00   0.0000   0.0009   6.027E-18   7.51587079E-19   2.46616889E-34   2.98233682E+02
    1120   1.120E+03     3.0792   1.000E+00   0.0000   0.0009   5.094E-18   4.31187812E-18   2.11799922E-34   2.98233535E+02
    1130   1.130E+03     2.6802   1.000E+00   0.0000   0.0009   6.137E-18  -7.49001020E-18   2.82515636E-34   2.98233388E+02
    1140   1.140E+03     2.5414   1.000E+00   0.0000   0.0009   5.521E-18   3.54650780E-18   2.30613628E-34   2.98233241E+02
    1150   1.150E+03     2.5262   1.000E+00   0.0000   0.0009   6.212E-18  -2.49077336E-18   2.37718700E-34   2.98233094E+02
    1160   1.160E+03     2.6724   1.000E+00   0.0000   0.0009   6.459E-18   6.88939027E-18   3.27036114E-34   2.98232947E+02
    1170   1.170E+03     2.8420   1.000E+00   0.0000   0.0009   6.585E-18   2.65926472E-18   2.93868628E-34   2.98232800E+02
    1180   1.180E+03     2.5311   1.000E+00   0.0000   0.0009   6.027E-18  -4.40674591E-18   2.74992805E-34   2.98232653E+02
    1190   1.190E+03     2.5868   1.000E+00   0.0000   0.0009   5.907E-18  -3.55751027E-18   2.53856357E-34   2.98232506E+02
    1200   1.200E+03     2.6386   1.000E+00   0.0000   0.0009   6.573E-18   1.19300612E-18   2.85199367E-34   2.98232359E+02
    1210   1.210E+03     2.5070   1.000E+00   0.0000   0.0009   6.124E-18   5.37540180E-18   2.67189309E-34   2.98232212E+02
    1220   1.220E+03     2.6702   1.000E+00   0.0000   0.0009   6.581E-18  -5.74726384E-19   3.10181001E-34   2.98232065E+02
    1230   1.230E+03     2.8876   1.000E+00   0.0000   0.0009   6.604E-18  -2.74839742E-18   2.46050925E-34   2.98231918E+02
    1240   1.240E+03     2.5328   1.000E+00   0.0000   0.0009   6.509E-18  -1.51834669E-18   2.94028653E-34   2.98231771E+02
    1250   1.250E+03     2.4913   1.000E+00   0.0000   0.0008   6.000E-18   3.26223321E-18   2.88911786E-34   2.98231624E+02
    1260   1.260E+03     2.5209   1.000E+00   0.0000   0.0008   6.024E-18  -2.03018755E-19   2.31179233E-34   2.98231477E+02
    1270   1.270E+03     2.6541   1.000E+00   0.0000   0.0008   6.399E-18   1.31836552E-18   3.03485616E-34   2.98231330E+02
    1280   1.280E+03     2.5180   1.000E+00   0.0000   0.0008   5.855E-18  -3.99235912E-18   2.82889009E-34   2.98231183E+02
    1290   1.290E+03     2.4785   1.000E+00   0.0000   0.0008   6.428E-18  -2.21789700E-18   2.56713243E-34   2.98231036E+02
    1300   1.300E+03     2.4868   1.000E+00   0.0000   0.0008   6.157E-18  -7.27394884E-19   2.62004712E-34   2.98230889E+02
    1310   1.310E+03     2.5000   1.000E+00   0.0000   0.0008   6.368E-18  -3.17369611E-19   2.95470447E-34   2.98230742E+02
    1320   1.320E+03     2.5142   1.000E+00   0.0000   0.0008   5.246E-18   4.23304579E-18   2.26579300E-34   2.98230595E+02
    1330   1.330E+03     2.5047   1.000E+00   0.0000   0.0008   6.048E-18   4.85411916E-18   2.40621298E-34   2.98230448E+02
    1340   1.340E+03     2.5812   1.000E+00   0.0000   0.0008   6.131E-18  -2.21884074E-18   2.42347391E-34   2.98230301E+02
    1350   1.350E+03     2.5726   1.000E+00   0.0000   0.0008   5.482E-18  -2.03444512E-19   2.10727038E-34   2.98230154E+02
    1360   1.360E+03     2.5025   1.000E+00   0.0000   0.0008   6.377E-18  -4.83570254E-19   2.67537906E-34   2.98230007E+02
    1370   1.370E+03     2.4936   1.000E+00   0.0000   0.0008   5.650E-18   1.05058442E-18   3.11771510E-34   2.98229860E+02
    1380   1.380E+03     2.5202   1.000E+00   0.0000   0.0008   6.610E-18   6.83282132E-18   2.67260302E-34   2.98229713E+02
    1390   1.390E+03     2.4966   1.000E+00   0.0000   0.0008   5.858E-18   3.56468634E-19   2.52766289E-34   2.98229566E+02
    1400   1.400E+03     2.5067   1.000E+00   0.0000   0.0008   5.966E-18   7.07424803E-19   2.71763525E-34   2.98229419E+02
    1410   1.410E+03     2.5161   1.000E+00   0.0000   0.0008   6.582E-18   2.14402942E-18   2.39271425E-34   2.98229272E+02
    1420   1.420E+03     2.4965   1.000E+00   0.0000   0.0008   6.804E-18   8.43986803E-19   2.85722998E-34   2.98229125E+02
    1430   1.430E+03     2.4989   1.000E+00   0.0000   0.0008   6.368E-18  -2.34619125E-18   2.22293014E-34   2.98228979E+02
    1440   1.440E+03     2.5123   1.000E+00   0.0000   0.0008   4.795E-18  -1.78678905E-18   2.19545175E-34   2.98228832E+02
    1450   1.450E+03     2.5099   1.000E+00   0.0000   0.0008   6.215E-18  -1.63535991E-18   2.41454312E-34   2.98228685E+02
    1460   1.460E+03     2.5132   1.000E+00   0.0000   0.0008   6.073E-18   2.35456686E-18   2.84483741E-34   2.98228538E+02
    1470   1.470E+03     2.5019   1.000E+00   0.0000   0.0008   6.108E-18   8.72463469E-19   2.65081286E-34   2.98228391E+02
    1480   1.480E+03     2.5249   1.000E+00   0.0000   0.0008   6.489E-18  -3.56293944E-19   3.15107078E-34   2.98228244E+02
    1490   1.490E+03     2.5107   1.000E+00   0.0000   0.0008   5.712E-18  -1.34450921E-18   2.48392149E-34   2.98228097E+02
    1500   1.500E+03     2.5141   1.000E+00   0.0000   0.0008   6.242E-18  -1.10100595E-18   2.91265778E-34   2.98227950E+02
    1510   1.510E+03     2.5124   1.000E+00   0.0000   0.0008   6.023E-18   1.73224265E-18   2.80331618E-34   2.98227803E+02
    1520   1.520E+03     2.4986   1.000E+00   0.0000   0.0008   5.407E-18   5.13726096E-18   2.34083827E-34   2.98227656E+02
    1530   1.530E+03     2.5112   1.000E+00   0.0000   0.0008   6.686E-18   5.50254279E-19   3.61783154E-34   2.98227509E+02
    1540   1.540E+03     2.5001   1.000E+00   0.0000   0.0008   5.858E-18  -4.98011757E-18   2.45509580E-34   2.98227362E+02
    1550   1.550E+03     2.4942   1.000E+00   0.0000   0.0008   4.510E-18  -5.51466514E-18   2.49282998E-34   2.98227215E+02
    1560   1.560E+03     2.5029   1.000E+00   0.0000   0.0008   6.794E-18  -2.17144113E-18   2.97533481E-34   2.98227068E+02
    1570   1.570E+03     2.5082   1.000E+00   0.0000   0.0008   6.233E-18   8.40780063E-19   2.46028233E-34   2.98226921E+02
    1580   1.580E+03     2.5007   1.000E+00   0.0000   0.0008   6.004E-18   2.46075067E-18   2.57550674E-34   2.98226774E+02
    1590   1.590E+03     2.5058   1.000E+00   0.0000   0.0008   5.525E-18  -2.85916654E-18   2.80474454E-34   2.98226627E+02
    1600   1.600E+03     2.5003   1.000E+00   0.0000   0.0008   6.313E-18   2.63934508E-18   2.91208385E-34   2.98226480E+02
    1610   1.610E+03     2.4882   1.000E+00   0.0000   0.0008   6.056E-18   6.35406446E-19   2.34294652E-34   2.98226333E+02
    1620   1.620E+03     2.5095   1.000E+00   0.0000   0.0008   5.020E-18   5.39320764E-18   2.18680992E-34   2.98226187E+02
    1630   1.630E+03     2.4933   1.000E+00   0.0000   0.0008   6.427E-18  -7.40493018E-18   2.82945557E-34   2.98226040E+02
    1640   1.640E+03     2.5070   1.000E+00   0.0000   0.0008   6.376E-18   4.90183673E-18   2.73646350E-34   2.98225893E+02
    1650   1.650E+03     2.4861   1.000E+00   0.0000   0.0008   5.845E-18   5.84000706E-19   3.09692487E-34   2.98225746E+02
    1660   1.660E+03     2.4947   1.000E+00   0.0000   0.0008   5.918E-18   1.52778564E-18   2.48986698E-34   2.98225599E+02
    1670   1.670E+03     2.4769   1.000E+00   0.0000   0.0008   5.887E-18  -1.36919816E-19   2.28426347E-34   2.98225452E+02
    1680   1.680E+03     2.5118   1.000E+00   0.0000   0.0008   6.416E-18  -2.62627473E-18   2.56497348E-34   2.98225305E+02
    1690   1.690E+03     2.5160   1.000E+00   0.0000   0.0008   6.322E-18  -5.54982394E-19   3.00299811E-34   2.98225158E+02
    1700   1.700E+03     2.5131   1.000E+00   0.0000   0.0008   6.156E-18   1.50309000E-19   2.71030317E-34   2.98225011E+02
    1710   1.710E+03     2.5160   1.000E+00   0.0000   0.0008   5.903E-18   4.12830605E-18   2.16806609E-34   2.98224864E+02
    1720   1.720E+03     2.4959   1.000E+00   0.0000   0.0008   6.093E-18  -3.80321120E-19   2.49398943E-34   2.98224717E+02
    1730   1.730E+03     2.4943   1.000E+00   0.0000   0.0008   6.864E-18   2.79265283E-18   2.60272222E-34   2.98224570E+02
    1740   1.740E+03     2.4988   1.000E+00   0.0000   0.0008   5.820E-18  -4.21486834E-18   3.10579079E-34   2.98224424E+02
    1750   1.750E+03     2.5054   1.000E+00   0.0000   0.0008   5.796E-18  -1.61934974E-18   2.32881592E-34   2.98224277E+02
    1760   1.760E+03     2.4818   1.000E+00   0.0000   0.0008   6.009E-18   2.08405136E-18   2.69064912E-34   2.98224130E+02
    1770   1.770E+03     2.4996   1.000E+00   0.0000   0.0008   5.684E-18  -2.16754353E-18   2.65997631E-34   2.98223983E+02
    1780   1.780E+03     2.4869   1.000E+00   0.0000   0.0008   5.898E-18   4.14853544E-18   2.59330073E-34   2.98223836E+02
    1790   1.790E+03     2.4907   1.000E+00   0.0000   0.0008   5.559E-18   2.18246113E-18   2.31830896E-34   2.98223689E+02
    1800   1.800E+03     2.4965   1.000E+00   0.0000   0.0008   6.661E-18  -5.08327522E-19   2.61244150E-34   2.98223542E+02
    1810   1.810E+03     2.5005   1.000E+00   0.0000   0.0008   6.194E-18   8.06694051E-18   2.94330821E-34   2.98223395E+02
    1820   1.820E+03     2.5253   1.000E+00   0.0000   0.0008   6.749E-18   8.14446831E-19   2.80474066E-34   2.98223248E+02
    1830   1.830E+03     2.5389   1.000E+00   0.0000   0.0008   6.155E-18  -2.44990745E-18   2.96245112E-34   2.98223101E+02
    1840   1.840E+03     2.4897   1.000E+00   0.0000   0.0008   6.657E-18   1.37240380E-19   3.09564403E-34   2.98222955E+02
    1850   1.850E+03     2.4893   1.000E+00   0.0000   0.0008   6.759E-18   4.21749404E-18   3.10083918E-34   2.98222808E+02
    1860   1.860E+03     2.5002   1.000E+00   0.0000   0.0008   6.189E-18   1.22948298E-18   3.31533915E-34   2.98222661E+02
    1870   1.870E+03     2.5099   1.000E+00   0.0000   0.0008   5.357E-18   5.95049042E-18   2.66757529E-34   2.98222514E+02
    1880   1.880E+03     2.4808   1.000E+00   0.0000   0.0008   5.890E-18   5.46241131E-18   2.71898119E-34   2.98222367E+02
    1890   1.890E+03     2.5066   1.000E+00   0.0000   0.0008   6.672E-18  -3.98646061E-18   2.99143306E-34   2.98222220E+02
    1900   1.900E+03     2.4963   1.000E+00   0.0000   0.0008   6.573E-18   3.10578635E-18   2.58224927E-34   2.98222073E+02
    1910   1.910E+03     2.5228   1.000E+00   0.0000   0.0008   6.612E-18  -7.95174054E-18   3.09747811E-34   2.98221926E+02
    1920   1.920E+03     2.5175   1.000E+00   0.0000   0.0008   6.528E-18   2.21503210E-18   2.63638266E-34   2.98221779E+02
    1930   1.930E+03     2.5067   1.000E+00   0.0000   0.0008   6.017E-18   4.27734541E-19   2.66140403E-34   2.98221633E+02
    1940   1.940E+03     2.4959   1.000E+00   0.0000   0.0008   6.533E-18   5.24414867E-18   3.06193504E-34   2.98221486E+02
    1950   1.950E+03     2.5187   1.000E+00   0.0000   0.0008   6.349E-18   4.05584082E-19   2.46088622E-34   2.98221339E+02
    1960   1.960E+03     2.5077   1.000E+00   0.0000   0.0008   6.037E-18   1.05972534E-18   2.90610774E-34   2.98221192E+02
    1970   1.970E+03     2.5276   1.000E+00   0.0000   0.0008   6.159E-18   4.47538395E-18   2.20421939E-34   2.98221045E+02
    1980   1.980E+03     2.5110   1.000E+00   0.0000   0.0008   6.079E-18   2.04980551E-18   2.24891482E-34   2.98220898E+02
    1990   1.990E+03     2.5208   1.000E+00   0.0000   0.0008   5.565E-18   2.78658216E-18   2.61661874E-34   2.98220751E+02
    2000   2.000E+03     2.4891   1.000E+00   0.0000   0.0008   5.864E-18   1.37646481E-18   2.52478843E-34   2.98220605E+02
    2010   2.010E+03     2.4886   1.000E+00   0.0000   0.0008   6.639E-18  -1.49103105E-18   2.83138939E-34   2.98220458E+02
    2020   2.020E+03     2.4918   1.000E+00   0.0000   0.0008   6.366E-18  -3.95582226E-19   3.16512009E-34   2.98220311E+02
    2030   2.030E+03     2.4937   1.000E+00   0.0000   0.0008   5.999E-18   6.98040378E-19   2.70519534E-34   2.98220164E+02
    2040   2.040E+03     2.5059   1.000E+00   0.0000   0.0008   6.351E-18  -4.40731830E-18   3.03640916E-34   2.98220017E+02
    2050   2.050E+03     2.5569   1.000E+00   0.0000   0.0008   6.066E-18   4.53805437E-19   2.67920527E-34   2.98219870E+02
    2060   2.060E+03     2.5530   1.000E+00   0.0000   0.0008   6.081E-18  -3.84138064E-18   2.58191062E-34   2.98219723E+02
    2070   2.070E+03     2.5337   1.000E+00   0.0000   0.0008   5.469E-18  -3.21993006E-18   2.89203924E-34   2.98219577E+02
    2080   2.080E+03     2.5138   1.000E+00   0.0000   0.0008   5.403E-18  -3.92198055E-18   2.52113978E-34   2.98219430E+02
    2090   2.090E+03     2.4896   1.000E+00   0.0000   0.0008   6.607E-18   3.03896699E-18   2.35027870E-34   2.98219283E+02
    2100   2.100E+03     2.4955   1.000E+00   0.0000   0.0008   6.247E-18  -1.30878152E-18   2.82439844E-34   2.98219136E+02
    2110   2.110E+03     2.4978   1.000E+00   0.0000   0.0008   5.838E-18  -1.32192221E-19   2.32670366E-34   2.98218989E+02
    2120   2.120E+03     2.5388   1.000E+00   0.0000   0.0008   5.904E-18   3.23241199E-19   2.28305933E-34   2.98218842E+02
    2130   2.130E+03     2.4985   1.000E+00   0.0000   0.0008   6.445E-18  -8.04559737E-19   2.69956964E-34   2.98218696E+02
    2140   2.140E+03     2.4893   1.000E+00   0.0000   0.0008   5.656E-18   1.09551813E-18   2.79294441E-34   2.98218549E+02
    2150   2.150E+03     2.4882   1.000E+00   0.0000   0.0008   6.214E-18   7.30460261E-19   2.45716165E-34   2.98218402E+02
    2160   2.160E+03     2.4969   1.000E+00   0.0000   0.0008   6.634E-18  -6.39885100E-18   2.66704781E-34   2.98218255E+02
    2170   2.170E+03     2.5102   1.000E+00   0.0000   0.0008   5.949E-18   2.18712572E-18   2.68527292E-34   2.98218108E+02
    2180   2.180E+03     2.6426   1.000E+00   0.0000   0.0008   6.777E-18  -8.11803258E-19   3.04908874E-34   2.98217962E+02
    2190   2.190E+03     2.5527   1.000E+00   0.0000   0.0008   6.350E-18  -3.30351443E-19   2.57893248E-34   2.98217815E+02
    2200   2.200E+03     2.5020   1.000E+00   0.0000   0.0008   5.382E-18   2.68553845E-18   2.63255935E-34   2.98217668E+02
    2210   2.210E+03     2.5073   1.000E+00   0.0000   0.0008   6.224E-18  -7.58984368E-19   3.32833030E-34   2.98217521E+02
    2220   2.220E+03     2.4960   1.000E+00   0.0000   0.0008   6.551E-18   3.96405307E-18   3.23275239E-34   2.98217374E+02
    2230   2.230E+03     2.5096   1.000E+00   0.0000   0.0008   5.675E-18   1.10433907E-18   2.57278652E-34   2.98217227E+02
    2240   2.240E+03     2.5108   1.000E+00   0.0000   0.0008   5.462E-18   8.47138052E-18   2.63631252E-34   2.98217081E+02
    2250   2.250E+03     2.5010   1.000E+00   0.0000   0.0007   6.513E-18  -3.59588762E-18   3.15785310E-34   2.98216934E+02
    2260   2.260E+03     2.4805   1.000E+00   0.0000   0.0007   6.015E-18  -3.88900963E-18   2.90246859E-34   2.98216787E+02
    2270   2.270E+03     2.4852   1.000E+00   0.0000   0.0007   5.971E-18   2.55432373E-18   2.51044584E-34   2.98216640E+02
    2280   2.280E+03     2.5021   1.000E+00   0.0000   0.0007   6.024E-18  -2.78587686E-18   2.33989298E-34   2.98216493E+02
    2290   2.290E+03     2.5047   1.000E+00   0.0000   0.0007   5.956E-18   2.52251023E-18   2.87686677E-34   2.98216347E+02
    2300   2.300E+03     2.7662   1.000E+00   0.0000   0.0007   5.370E-18   1.28849621E-18   2.60834115E-34   2.98216200E+02
    2310   2.310E+03     3.0523   1.000E+00   0.0000   0.0007   6.277E-18   1.63847333E-18   3.67038872E-34   2.98216053E+02
    2320   2.320E+03     2.9618   1.000E+00   0.0000   0.0007   6.422E-18   6.79025082E-18   2.93865638E-34   2.98215906E+02
    2330   2.330E+03     2.6688   1.000E+00   0.0000   0.0007   6.741E-18  -8.24403692E-19   2.32250622E-34   2.98215760E+02
    2340   2.340E+03     2.6874   1.000E+00   0.0000   0.0007   6.312E-18   1.78595387E-18   2.86073612E-34   2.98215613E+02
    2350   2.350E+03     2.6437   1.000E+00   0.0000   0.0007   5.075E-18   3.80015991E-18   2.03033142E-34   2.98215466E+02
    2360   2.360E+03     2.5372   1.000E+00   0.0000   0.0007   6.076E-18   1.18833300E-18   2.86300497E-34   2.98215319E+02
    2370   2.370E+03     2.5173   1.000E+00   0.0000   0.0007   5.883E-18   2.43962715E-18   2.85988268E-34   2.98215172E+02
    2380   2.380E+03     2.8391   1.000E+00   0.0000   0.0007   6.458E-18   6.15920187E-18   3.18886231E-34   2.98215026E+02
    2390   2.390E+03     2.8488   1.000E+00   0.0000   0.0007   6.155E-18  -8.35896144E-19   3.03175681E-34   2.98214879E+02
    2400   2.400E+03     2.6379   1.000E+00   0.0000   0.0007   5.617E-18  -4.43390990E-19   2.57319323E-34   2.98214732E+02
    2410   2.410E+03     3.0028   1.000E+00   0.0000   0.0007   6.152E-18   6.95754425E-19   2.52466540E-34   2.98214585E+02
    2420   2.420E+03     2.5527   1.000E+00   0.0000   0.0007   6.555E-18  -3.43646280E-18   2.64910198E-34   2.98214439E+02
    2430   2.430E+03     2.5289   1.000E+00   0.0000   0.0007   6.210E-18   1.28526942E-18   3.09627713E-34   2.98214292E+02
    2440   2.440E+03     2.5227   1.000E+00   0.0000   0.0007   5.827E-18  -1.76291720E-18   2.13851167E-34   2.98214145E+02
    2450   2.450E+03     2.5078   1.000E+00   0.0000   0.0007   6.331E-18  -3.05652357E-18   2.51899130E-34   2.98213998E+02
    2460   2.460E+03     2.6197   1.000E+00   0.0000   0.0007   6.485E-18  -7.99136568E-20   2.78448693E-34   2.98213852E+02
    2470   2.470E+03     2.5380   1.000E+00   0.0000   0.0007   6.390E-18   6.97928482E-18   2.74943315E-34   2.98213705E+02
    2480   2.480E+03     2.4990   1.000E+00   0.0000   0.0007   6.317E-18  -1.51108093E-18   2.73707925E-34   2.98213558E+02
    2490   2.490E+03     2.5327   1.000E+00   0.0000   0.0007   6.830E-18  -2.83388996E-18   2.89560874E-34   2.98213411E+02
    2500   2.500E+03     2.4942   1.000E+00   0.0000   0.0007   6.386E-18   2.39126233E-18   3.07893708E-34   2.98213265E+02
    2510   2.510E+03     2.5068   1.000E+00   0.0000   0.0007   5.867E-18   1.01762291E-18   2.15756474E-34   2.98213118E+02
    2520   2.520E+03     2.5205   1.000E+00   0.0000   0.0007   5.975E-18   2.43277251E-18   2.52256430E-34   2.98212971E+02
    2530   2.530E+03     2.6215   1.000E+00   0.0000   0.0007   6.094E-18   1.38315486E-18   3.48942992E-34   2.98212824E+02
    2540   2.540E+03     2.5293   1.000E+00   0.0000   0.0007   6.700E-18   2.26782647E-19   2.98075957E-34   2.98212678E+02
    2550   2.550E+03     2.5154   1.000E+00   0.0000   0.0007   4.729E-18   3.03138189E-19   2.15796004E-34   2.98212531E+02
    2560   2.560E+03     2.4868   1.000E+00   0.0000   0.0007   5.592E-18   1.89071344E-18   2.54855834E-34   2.98212384E+02
    2570   2.570E+03     2.5109   1.000E+00   0.0000   0.0007   4.700E-18   4.10619118E-18   2.44702709E-34   2.98212237E+02
    2580   2.580E+03     2.5066   1.000E+00   0.0000   0.0007   6.431E-18   3.77813646E-18   2.75666663E-34   2.98212091E+02
    2590   2.590E+03     2.5398   1.000E+00   0.0000   0.0007   5.857E-18   3.23136132E-18   3.00882382E-34   2.98211944E+02
    2600   2.600E+03     2.4881   1.000E+00   0.0000   0.0007   6.749E-18   4.02731850E-18   2.83730425E-34   2.98211797E+02
    2610   2.610E+03     2.5489   1.000E+00   0.0000   0.0007   6.839E-18   2.81161403E-18   3.17962915E-34   2.98211651E+02
    2620   2.620E+03     2.7188   1.000E+00   0.0000   0.0007   6.532E-18   5.93600259E-19   2.38963561E-34   2.98211504E+02
    2630   2.630E+03     2.6706   1.000E+00   0.0000   0.0007   6.569E-18  -2.91128833E-19   2.70971088E-34   2.98211357E+02
    2640   2.640E+03     2.5202   1.000E+00   0.0000   0.0007   6.745E-18   2.44576013E-18   2.61565503E-34   2.98211210E+02
    2650   2.650E+03     2.5575   1.000E+00   0.0000   0.0007   5.863E-18  -5.57383913E-18   2.33290062E-34   2.98211064E+02
    2660   2.660E+03     2.5213   1.000E+00   0.0000   0.0007   5.783E-18   1.76266723E-18   2.82024926E-34   2.98210917E+02
    2670   2.670E+03     2.5730   1.000E+00   0.0000   0.0007   6.470E-18   5.16876691E-19   2.58518242E-34   2.98210770E+02
    2680   2.680E+03     2.6505   1.000E+00   0.0000   0.0007   6.362E-18   3.29907837E-18   3.25346491E-34   2.98210624E+02
    2690   2.690E+03     2.7321   1.000E+00   0.0000   0.0007   6.404E-18  -3.83998029E-18   2.40571546E-34   2.98210477E+02
    2700   2.700E+03     2.7235   1.000E+00   0.0000   0.0007   6.083E-18   2.62711895E-18   3.07359370E-34   2.98210330E+02
    2710   2.710E+03     2.5286   1.000E+00   0.0000   0.0007   6.352E-18   4.00037171E-18   2.95110418E-34   2.98210184E+02
    2720   2.720E+03     2.4922   1.000E+00   0.0000   0.0007   6.841E-18   5.40828067E-18   2.82988327E-34   2.98210037E+02
    2730   2.730E+03     2.5168   1.000E+00   0.0000   0.0007   5.924E-18   7.72355681E-19   2.77613135E-34   2.98209890E+02
    2740   2.740E+03     2.4985   1.000E+00   0.0000   0.0007   5.828E-18  -2.04099762E-18   2.48425836E-34   2.98209743E+02
    2750   2.750E+03     2.5172   1.000E+00   0.0000   0.0007   6.117E-18   1.85061616E-18   2.84909694E-34   2.98209597E+02
    2760   2.760E+03     2.5468   1.000E+00   0.0000   0.0007   5.874E-18   3.25546623E-18   2.78296804E-34   2.98209450E+02
    2770   2.770E+03     2.5919   1.000E+00   0.0000   0.0007   5.788E-18  -1.44614271E-18   2.60484840E-34   2.98209303E+02
    2780   2.780E+03     2.5192   1.000E+00   0.0000   0.0007   6.388E-18  -2.33962768E-18   2.81587528E-34   2.98209157E+02
    2790   2.790E+03     2.5073   1.000E+00   0.0000   0.0007   6.101E-18  -2.84794072E-18   2.52848032E-34   2.98209010E+02
    2800   2.800E+03     2.4926   1.000E+00   0.0000   0.0007   6.146E-18   3.75099326E-18   2.34555808E-34   2.98208863E+02
    2810   2.810E+03     2.4986   1.000E+00   0.0000   0.0007   6.378E-18   2.02529439E-18   2.96175474E-34   2.98208717E+02
    2820   2.820E+03     2.5230   1.000E+00   0.0000   0.0007   6.297E-18   5.92039345E-18   3.09834730E-34   2.98208570E+02
    2830   2.830E+03     2.5149   1.000E+00   0.0000   0.0007   6.721E-18   1.56666205E-18   3.08142651E-34   2.98208423E+02
    2840   2.840E+03     2.5163   1.000E+00   0.0000   0.0007   6.197E-18  -3.62765756E-18   2.24345604E-34   2.98208277E+02
    2850   2.850E+03     2.4941   1.000E+00   0.0000   0.0007   6.162E-18   2.48563794E-19   2.99666830E-34   2.98208130E+02
    2860   2.860E+03     2.5718   1.000E+00   0.0000   0.0007   6.004E-18  -1.34197420E-18   2.41092583E-34   2.98207983E+02
    2870   2.870E+03     2.6019   1.000E+00   0.0000   0.0007   6.316E-18  -1.54043056E-18   2.83185134E-34   2.98207837E+02
    2880   2.880E+03     2.5074   1.000E+00   0.0000   0.0007   5.029E-18   2.25469503E-18   2.25744470E-34   2.98207690E+02
    2890   2.890E+03     2.5578   1.000E+00   0.0000   0.0007   6.707E-18  -1.72140789E-18   3.13571488E-34   2.98207543E+02
    2900   2.900E+03     2.5074   1.000E+00   0.0000   0.0007   6.234E-18   2.21394447E-18   2.72312220E-34   2.98207397E+02
    2910   2.910E+03     2.4956   1.000E+00   0.0000   0.0007   6.111E-18   2.53049315E-18   2.63932767E-34   2.98207250E+02
    2920   2.920E+03     2.4887   1.000E+00   0.0000   0.0007   6.346E-18  -3.10194357E-18   2.67486003E-34   2.98207104E+02
    2930   2.930E+03     2.4962   1.000E+00   0.0000   0.0007   5.547E-18  -3.84232762E-18   2.90922646E-34   2.98206957E+02
    2940   2.940E+03     2.5692   1.000E+00   0.0000   0.0007   5.912E-18   7.04518034E-18   3.03961734E-34   2.98206810E+02
    2950   2.950E+03     2.6335   1.000E+00   0.0000   0.0007   6.113E-18  -1.11733426E-18   2.39747428E-34   2.98206664E+02
    2960   2.960E+03     2.6057   1.000E+00   0.0000   0.0007   6.245E-18  -1.72676498E-18   3.08605514E-34   2.98206517E+02
    2970   2.970E+03     2.5902   1.000E+00   0.0000   0.0007   6.165E-18  -2.54207802E-19   2.88180303E-34   2.98206370E+02
    2980   2.980E+03     2.6276   1.000E+00   0.0000   0.0007   5.961E-18  -2.17031095E-20   2.49677384E-34   2.98206224E+02
    2990   2.990E+03     2.5448   1.000E+00   0.0000   0.0007   6.078E-18   1.62002196E-18   2.94200158E-34   2.98206077E+02
    3000   3.000E+03     2.5450   1.000E+00   0.0000   0.0007   6.480E-18  -1.56166104E-18   2.88753644E-34   2.98205931E+02
    3010   3.010E+03     2.5207   1.000E+00   0.0000   0.0007   6.249E-18   3.32214607E-19   3.01776302E-34   2.98205784E+02
    3020   3.020E+03     2.5010   1.000E+00   0.0000   0.0007   5.127E-18   1.59812071E-18   2.25380102E-34   2.98205637E+02
    3030   3.030E+03     2.4893   1.000E+00   0.0000   0.0007   5.199E-18  -8.58539475E-19   1.90634308E-34   2.98205491E+02
    3040   3.040E+03     2.5041   1.000E+00   0.0000   0.0007   6.235E-18  -4.36178170E-18   2.58035220E-34   2.98205344E+02
    3050   3.050E+03     2.4956   1.000E+00   0.0000   0.0007   5.558E-18  -3.20289255E-18   2.59642966E-34   2.98205197E+02
    3060   3.060E+03     2.5069   1.000E+00   0.0000   0.0007   6.069E-18   2.36429065E-18   2.41208841E-34   2.98205051E+02
    3070   3.070E+03     2.5083   1.000E+00   0.0000   0.0007   6.272E-18   3.31432241E-18   3.00182194E-34   2.98204904E+02
    3080   3.080E+03     2.5399   1.000E+00   0.0000   0.0007   6.540E-18   5.96797919E-18   2.98386318E-34   2.98204758E+02
    3090   3.090E+03     2.4971   1.000E+00   0.0000   0.0007   6.170E-18   1.02520103E-18   2.63617036E-34   2.98204611E+02
    3100   3.100E+03     2.5161   1.000E+00   0.0000   0.0007   6.368E-18  -1.04642886E-18   2.29263695E-34   2.98204464E+02
    3110   3.110E+03     2.5009   1.000E+00   0.0000   0.0007   5.333E-18   1.15717789E-19   2.62110350E-34   2.98204318E+02
    3120   3.120E+03     2.5285   1.000E+00   0.0000   0.0007   6.447E-18  -2.34195995E-19   2.30860009E-34   2.98204171E+02
    3130   3.130E+03     2.5134   1.000E+00   0.0000   0.0007   5.898E-18   8.18341879E-19   2.83978731E-34   2.98204025E+02
    3140   3.140E+03     2.5236   1.000E+00   0.0000   0.0007   6.287E-18  -2.78507707E-18   2.69082709E-34   2.98203878E+02
    3150   3.150E+03     2.4940   1.000E+00   0.0000   0.0007   7.204E-18   3.76765672E-18   2.76725999E-34   2.98203731E+02
    3160   3.160E+03     2.6678   1.000E+00   0.0000   0.0007   5.388E-18  -8.14106867E-19   2.36130752E-34   2.98203585E+02
    3170   3.170E+03     2.4932   1.000E+00   0.0000   0.0007   6.375E-18  -5.32766351E-18   3.00920448E-34   2.98203438E+02
    3180   3.180E+03     2.5203   1.000E+00   0.0000   0.0007   6.127E-18   4.16034367E-18   2.68548619E-34   2.98203292E+02
    3190   3.190E+03     2.5120   1.000E+00   0.0000   0.0007   5.933E-18  -3.51479806E-18   2.88714901E-34   2.98203145E+02
    3200   3.200E+03     2.4952   1.000E+00   0.0000   0.0007   6.377E-18  -9.11276213E-19   2.61102357E-34   2.98202999E+02
    3210   3.210E+03     2.4910   1.000E+00   0.0000   0.0007   6.262E-18   2.69020029E-18   2.08102223E-34   2.98202852E+02
    3220   3.220E+03     2.4989   1.000E+00   0.0000   0.0007   6.200E-18   2.86503177E-18   2.75996268E-34   2.98202705E+02
    3230   3.230E+03     2.4946   1.000E+00   0.0000   0.0007   6.053E-18   2.73442553E-18   2.66297177E-34   2.98202559E+02
    3240   3.240E+03   133.1936   1.000E+00   0.0000   0.0007   6.106E-18   1.01007029E-18   2.75644792E-34   2.98202412E+02
    3250   3.250E+03     3.5141   1.000E+00   0.0000   0.0007   6.098E-18  -3.12543858E-18   2.51996386E-34   2.98202266E+02
    3260   3.260E+03     3.6953   1.000E+00   0.0000   0.0007   6.760E-18   2.44638076E-18   3.11111210E-34   2.98202119E+02
    3270   3.270E+03     2.5750   1.000E+00   0.0000   0.0007   5.637E-18  -5.56733253E-18   2.44013135E-34   2.98201973E+02
    3280   3.280E+03     2.5088   1.000E+00   0.0000   0.0007   6.747E-18  -8.75740583E-19   3.11183387E-34   2.98201826E+02
    3290   3.290E+03     2.5889   1.000E+00   0.0000   0.0007   6.463E-18  -8.06722880E-19   2.44370738E-34   2.98201680E+02
    3300   3.300E+03     2.5882   1.000E+00   0.0000   0.0007   5.642E-18   5.43338309E-18   3.13039740E-34   2.98201533E+02
    3310   3.310E+03     2.6125   1.000E+00   0.0000   0.0007   6.200E-18   2.10125503E-18   2.92764372E-34   2.98201387E+02
    3320   3.320E+03     2.5731   1.000E+00   0.0000   0.0007   5.730E-18  -2.15564749E-19   2.25896894E-34   2.98201240E+02
    3330   3.330E+03     2.5298   1.000E+00   0.0000   0.0007   5.500E-18  -1.64163170E-18   2.71734075E-34   2.98201093E+02
    3340   3.340E+03     2.6193   1.000E+00   0.0000   0.0007   6.376E-18  -4.79896219E-19   2.58727051E-34   2.98200947E+02
    3350   3.350E+03     2.8997   1.000E+00   0.0000   0.0007   5.201E-18   4.29911242E-18   2.31605733E-34   2.98200800E+02
    3360   3.360E+03     2.8262   1.000E+00   0.0000   0.0007   5.607E-18  -2.48619870E-19   2.57785328E-34   2.98200654E+02
    3370   3.370E+03     2.8277   1.000E+00   0.0000   0.0007   6.146E-18  -3.19774836E-18   2.71439948E-34   2.98200507E+02
    3380   3.380E+03     2.9964   1.000E+00   0.0000   0.0007   5.954E-18   4.12613036E-18   2.38316520E-34   2.98200361E+02
    3390   3.390E+03     2.6403   1.000E+00   0.0000   0.0007   6.493E-18  -6.95024419E-19   2.83544933E-34   2.98200214E+02
    3400   3.400E+03     2.8596   1.000E+00   0.0000   0.0007   6.221E-18   1.62673107E-19   2.96429103E-34   2.98200068E+02
    3410   3.410E+03     2.5244   1.000E+00   0.0000   0.0007   6.470E-18  -8.68247047E-19   3.25027609E-34   2.98199921E+02
    3420   3.420E+03     2.5432   1.000E+00   0.0000   0.0007   5.081E-18   6.38074051E-18   1.99981335E-34   2.98199775E+02
    3430   3.430E+03     2.5526   1.000E+00   0.0000   0.0007   5.636E-18   3.24318724E-18   2.39276846E-34   2.98199628E+02
    3440   3.440E+03     2.5098   1.000E+00   0.0000   0.0007   6.619E-18   3.90485547E-18   2.53792398E-34   2.98199482E+02
    3450   3.450E+03     2.5387   1.000E+00   0.0000   0.0007   6.945E-18  -5.52623381E-18   2.55644227E-34   2.98199335E+02
    3460   3.460E+03     2.5755   1.000E+00   0.0000   0.0007   5.617E-18   4.08950079E-18   2.33839391E-34   2.98199189E+02
    3470   3.470E+03     2.5905   1.000E+00   0.0000   0.0007   6.682E-18  -8.68706328E-19   2.01037472E-34   2.98199042E+02
    3480   3.480E+03     2.6183   1.000E+00   0.0000   0.0007   5.700E-18  -1.06600870E-18   2.34194692E-34   2.98198896E+02
    3490   3.490E+03     2.5347   1.000E+00   0.0000   0.0007   6.290E-18   3.31588100E-18   2.54640257E-34   2.98198749E+02
    3500   3.500E+03     2.5295   1.000E+00   0.0000   0.0007   5.851E-18  -6.18775565E-18   2.65877393E-34   2.98198603E+02
    3510   3.510E+03     2.5168   1.000E+00   0.0000   0.0007   5.538E-18   3.68773952E-18   2.63014038E-34   2.98198456E+02
    3520   3.520E+03     2.5267   1.000E+00   0.0000   0.0007   4.695E-18  -5.87543517E-19   2.11286524E-34   2.98198310E+02
    3530   3.530E+03     2.5156   1.000E+00   0.0000   0.0007   6.418E-18  -1.12582850E-18   2.69657992E-34   2.98198163E+02
    3540   3.540E+03     2.5374   1.000E+00   0.0000   0.0007   6.340E-18  -1.53228573E-18   2.62316622E-34   2.98198017E+02
    3550   3.550E+03     2.6198   1.000E+00   0.0000   0.0007   6.235E-18   3.81507756E-18   2.77201678E-34   2.98197870E+02
    3560   3.560E+03     2.5195   1.000E+00   0.0000   0.0007   5.802E-18   3.09031381E-19   2.62266126E-34   2.98197724E+02
    3570   3.570E+03     2.5134   1.000E+00   0.0000   0.0007   6.292E-18   1.45007929E-18   3.13109275E-34   2.98197577E+02
    3580   3.580E+03     2.5327   1.000E+00   0.0000   0.0007   6.332E-18   2.50569905E-18   3.05238409E-34   2.98197431E+02
    3590   3.590E+03     2.5194   1.000E+00   0.0000   0.0007   6.220E-18  -1.97302441E-18   3.08751816E-34   2.98197284E+02
    3600   3.600E+03     2.5183   1.000E+00   0.0000   0.0007   6.205E-18   4.90553486E-18   3.28501605E-34   2.98197138E+02
